{"/Users/larusjohannsson/Developer/word-game/src/lib/dictionary.svelte.ts": {"path":"/Users/larusjohannsson/Developer/word-game/src/lib/dictionary.svelte.ts","statementMap":{"0":{"start":{"line":21,"column":19},"end":{"line":21,"column":null}},"1":{"start":{"line":22,"column":22},"end":{"line":22,"column":null}},"2":{"start":{"line":23,"column":36},"end":{"line":23,"column":null}},"3":{"start":{"line":24,"column":21},"end":{"line":24,"column":null}},"4":{"start":{"line":26,"column":49},"end":{"line":26,"column":null}},"5":{"start":{"line":28,"column":60},"end":{"line":28,"column":null}},"6":{"start":{"line":29,"column":28},"end":{"line":29,"column":null}},"7":{"start":{"line":30,"column":24},"end":{"line":30,"column":null}},"8":{"start":{"line":31,"column":28},"end":{"line":31,"column":null}},"9":{"start":{"line":32,"column":39},"end":{"line":32,"column":null}},"10":{"start":{"line":34,"column":29},"end":{"line":34,"column":null}},"11":{"start":{"line":37,"column":19},"end":{"line":37,"column":null}},"12":{"start":{"line":38,"column":24},"end":{"line":38,"column":null}},"13":{"start":{"line":39,"column":16},"end":{"line":39,"column":null}},"14":{"start":{"line":43,"column":8},"end":{"line":43,"column":null}},"15":{"start":{"line":43,"column":13},"end":{"line":43,"column":null}},"16":{"start":{"line":45,"column":8},"end":{"line":93,"column":null}},"17":{"start":{"line":46,"column":8},"end":{"line":46,"column":null}},"18":{"start":{"line":47,"column":8},"end":{"line":59,"column":null}},"19":{"start":{"line":49,"column":12},"end":{"line":49,"column":null}},"20":{"start":{"line":51,"column":16},"end":{"line":55,"column":null}},"21":{"start":{"line":52,"column":14},"end":{"line":52,"column":null}},"22":{"start":{"line":53,"column":14},"end":{"line":53,"column":null}},"23":{"start":{"line":55,"column":14},"end":{"line":55,"column":null}},"24":{"start":{"line":58,"column":16},"end":{"line":59,"column":null}},"25":{"start":{"line":59,"column":14},"end":{"line":59,"column":null}},"26":{"start":{"line":64,"column":14},"end":{"line":64,"column":null}},"27":{"start":{"line":65,"column":8},"end":{"line":65,"column":null}},"28":{"start":{"line":67,"column":25},"end":{"line":67,"column":null}},"29":{"start":{"line":68,"column":12},"end":{"line":75,"column":null}},"30":{"start":{"line":69,"column":25},"end":{"line":69,"column":null}},"31":{"start":{"line":70,"column":18},"end":{"line":70,"column":null}},"32":{"start":{"line":71,"column":16},"end":{"line":72,"column":null}},"33":{"start":{"line":72,"column":16},"end":{"line":72,"column":null}},"34":{"start":{"line":75,"column":12},"end":{"line":75,"column":null}},"35":{"start":{"line":78,"column":26},"end":{"line":78,"column":null}},"36":{"start":{"line":79,"column":31},"end":{"line":79,"column":null}},"37":{"start":{"line":81,"column":12},"end":{"line":87,"column":null}},"38":{"start":{"line":82,"column":10},"end":{"line":82,"column":null}},"39":{"start":{"line":83,"column":16},"end":{"line":83,"column":null}},"40":{"start":{"line":85,"column":10},"end":{"line":85,"column":null}},"41":{"start":{"line":86,"column":10},"end":{"line":86,"column":null}},"42":{"start":{"line":87,"column":10},"end":{"line":87,"column":null}},"43":{"start":{"line":90,"column":8},"end":{"line":90,"column":null}},"44":{"start":{"line":91,"column":8},"end":{"line":91,"column":null}},"45":{"start":{"line":92,"column":8},"end":{"line":92,"column":null}},"46":{"start":{"line":93,"column":14},"end":{"line":93,"column":null}},"47":{"start":{"line":98,"column":4},"end":{"line":98,"column":null}},"48":{"start":{"line":99,"column":4},"end":{"line":99,"column":null}},"49":{"start":{"line":100,"column":4},"end":{"line":100,"column":null}},"50":{"start":{"line":101,"column":4},"end":{"line":101,"column":null}},"51":{"start":{"line":103,"column":8},"end":{"line":152,"column":null}},"52":{"start":{"line":104,"column":19},"end":{"line":104,"column":null}},"53":{"start":{"line":105,"column":6},"end":{"line":105,"column":null}},"54":{"start":{"line":106,"column":12},"end":{"line":106,"column":null}},"55":{"start":{"line":107,"column":11},"end":{"line":108,"column":null}},"56":{"start":{"line":108,"column":20},"end":{"line":108,"column":null}},"57":{"start":{"line":111,"column":12},"end":{"line":111,"column":null}},"58":{"start":{"line":112,"column":6},"end":{"line":112,"column":null}},"59":{"start":{"line":113,"column":23},"end":{"line":113,"column":null}},"60":{"start":{"line":116,"column":12},"end":{"line":116,"column":null}},"61":{"start":{"line":117,"column":12},"end":{"line":117,"column":null}},"62":{"start":{"line":119,"column":17},"end":{"line":123,"column":null}},"63":{"start":{"line":120,"column":14},"end":{"line":123,"column":null}},"64":{"start":{"line":121,"column":14},"end":{"line":121,"column":null}},"65":{"start":{"line":123,"column":14},"end":{"line":123,"column":null}},"66":{"start":{"line":127,"column":25},"end":{"line":127,"column":null}},"67":{"start":{"line":128,"column":33},"end":{"line":128,"column":null}},"68":{"start":{"line":129,"column":6},"end":{"line":129,"column":null}},"69":{"start":{"line":131,"column":6},"end":{"line":131,"column":null}},"70":{"start":{"line":133,"column":17},"end":{"line":133,"column":null}},"71":{"start":{"line":134,"column":20},"end":{"line":134,"column":null}},"72":{"start":{"line":135,"column":12},"end":{"line":135,"column":null}},"73":{"start":{"line":136,"column":12},"end":{"line":136,"column":null}},"74":{"start":{"line":139,"column":12},"end":{"line":139,"column":null}},"75":{"start":{"line":140,"column":6},"end":{"line":140,"column":null}},"76":{"start":{"line":141,"column":6},"end":{"line":141,"column":null}},"77":{"start":{"line":142,"column":6},"end":{"line":142,"column":null}},"78":{"start":{"line":145,"column":6},"end":{"line":145,"column":null}},"79":{"start":{"line":147,"column":6},"end":{"line":147,"column":null}},"80":{"start":{"line":149,"column":6},"end":{"line":149,"column":null}},"81":{"start":{"line":150,"column":6},"end":{"line":150,"column":null}},"82":{"start":{"line":151,"column":6},"end":{"line":151,"column":null}},"83":{"start":{"line":152,"column":12},"end":{"line":152,"column":null}},"84":{"start":{"line":157,"column":15},"end":{"line":161,"column":null}},"85":{"start":{"line":157,"column":19},"end":{"line":157,"column":22}},"86":{"start":{"line":158,"column":24},"end":{"line":158,"column":null}},"87":{"start":{"line":159,"column":20},"end":{"line":159,"column":null}},"88":{"start":{"line":159,"column":39},"end":{"line":159,"column":null}},"89":{"start":{"line":160,"column":16},"end":{"line":160,"column":null}},"90":{"start":{"line":161,"column":10},"end":{"line":161,"column":null}},"91":{"start":{"line":164,"column":10},"end":{"line":165,"column":null}},"92":{"start":{"line":165,"column":10},"end":{"line":165,"column":null}},"93":{"start":{"line":167,"column":6},"end":{"line":167,"column":null}},"94":{"start":{"line":168,"column":6},"end":{"line":168,"column":null}},"95":{"start":{"line":172,"column":17},"end":{"line":172,"column":null}},"96":{"start":{"line":173,"column":20},"end":{"line":173,"column":null}},"97":{"start":{"line":175,"column":17},"end":{"line":179,"column":null}},"98":{"start":{"line":176,"column":16},"end":{"line":179,"column":null}},"99":{"start":{"line":182,"column":12},"end":{"line":182,"column":null}},"100":{"start":{"line":186,"column":22},"end":{"line":186,"column":null}},"101":{"start":{"line":187,"column":9},"end":{"line":187,"column":null}},"102":{"start":{"line":187,"column":14},"end":{"line":187,"column":null}},"103":{"start":{"line":190,"column":10},"end":{"line":190,"column":null}},"104":{"start":{"line":191,"column":8},"end":{"line":191,"column":null}},"105":{"start":{"line":194,"column":8},"end":{"line":198,"column":null}},"106":{"start":{"line":202,"column":11},"end":{"line":202,"column":null}},"107":{"start":{"line":206,"column":11},"end":{"line":206,"column":null}},"108":{"start":{"line":206,"column":16},"end":{"line":206,"column":null}},"109":{"start":{"line":207,"column":17},"end":{"line":207,"column":null}},"110":{"start":{"line":208,"column":20},"end":{"line":208,"column":null}},"111":{"start":{"line":212,"column":10},"end":{"line":223,"column":null}},"112":{"start":{"line":213,"column":24},"end":{"line":213,"column":null}},"113":{"start":{"line":214,"column":10},"end":{"line":214,"column":null}},"114":{"start":{"line":215,"column":14},"end":{"line":215,"column":null}},"115":{"start":{"line":215,"column":24},"end":{"line":215,"column":null}},"116":{"start":{"line":216,"column":30},"end":{"line":216,"column":null}},"117":{"start":{"line":217,"column":10},"end":{"line":217,"column":null}},"118":{"start":{"line":218,"column":14},"end":{"line":218,"column":null}},"119":{"start":{"line":218,"column":28},"end":{"line":218,"column":null}},"120":{"start":{"line":220,"column":10},"end":{"line":220,"column":null}},"121":{"start":{"line":221,"column":30},"end":{"line":221,"column":null}},"122":{"start":{"line":222,"column":10},"end":{"line":222,"column":null}},"123":{"start":{"line":223,"column":14},"end":{"line":223,"column":null}},"124":{"start":{"line":223,"column":28},"end":{"line":223,"column":null}},"125":{"start":{"line":225,"column":13},"end":{"line":225,"column":null}},"126":{"start":{"line":229,"column":10},"end":{"line":310,"column":null}},"127":{"start":{"line":230,"column":15},"end":{"line":230,"column":null}},"128":{"start":{"line":230,"column":20},"end":{"line":230,"column":null}},"129":{"start":{"line":232,"column":10},"end":{"line":232,"column":null}},"130":{"start":{"line":233,"column":10},"end":{"line":233,"column":null}},"131":{"start":{"line":234,"column":14},"end":{"line":234,"column":null}},"132":{"start":{"line":234,"column":24},"end":{"line":234,"column":null}},"133":{"start":{"line":236,"column":33},"end":{"line":236,"column":null}},"134":{"start":{"line":237,"column":16},"end":{"line":238,"column":null}},"135":{"start":{"line":238,"column":58},"end":{"line":238,"column":null}},"136":{"start":{"line":240,"column":10},"end":{"line":240,"column":null}},"137":{"start":{"line":242,"column":14},"end":{"line":242,"column":null}},"138":{"start":{"line":243,"column":16},"end":{"line":243,"column":null}},"139":{"start":{"line":244,"column":10},"end":{"line":244,"column":null}},"140":{"start":{"line":246,"column":16},"end":{"line":246,"column":null}},"141":{"start":{"line":249,"column":16},"end":{"line":249,"column":null}},"142":{"start":{"line":250,"column":14},"end":{"line":252,"column":null}},"143":{"start":{"line":251,"column":14},"end":{"line":252,"column":null}},"144":{"start":{"line":252,"column":22},"end":{"line":252,"column":null}},"145":{"start":{"line":252,"column":49},"end":{"line":252,"column":null}},"146":{"start":{"line":256,"column":17},"end":{"line":303,"column":null}},"147":{"start":{"line":257,"column":53},"end":{"line":257,"column":null}},"148":{"start":{"line":259,"column":18},"end":{"line":259,"column":null}},"149":{"start":{"line":259,"column":32},"end":{"line":259,"column":null}},"150":{"start":{"line":260,"column":18},"end":{"line":260,"column":null}},"151":{"start":{"line":260,"column":30},"end":{"line":260,"column":null}},"152":{"start":{"line":262,"column":20},"end":{"line":262,"column":null}},"153":{"start":{"line":263,"column":19},"end":{"line":263,"column":null}},"154":{"start":{"line":266,"column":20},"end":{"line":266,"column":null}},"155":{"start":{"line":267,"column":18},"end":{"line":268,"column":null}},"156":{"start":{"line":268,"column":22},"end":{"line":268,"column":null}},"157":{"start":{"line":268,"column":51},"end":{"line":268,"column":null}},"158":{"start":{"line":271,"column":18},"end":{"line":276,"column":null}},"159":{"start":{"line":272,"column":18},"end":{"line":272,"column":null}},"160":{"start":{"line":272,"column":47},"end":{"line":272,"column":null}},"161":{"start":{"line":274,"column":29},"end":{"line":276,"column":null}},"162":{"start":{"line":275,"column":26},"end":{"line":276,"column":null}},"163":{"start":{"line":276,"column":26},"end":{"line":276,"column":null}},"164":{"start":{"line":281,"column":25},"end":{"line":303,"column":null}},"165":{"start":{"line":282,"column":22},"end":{"line":282,"column":null}},"166":{"start":{"line":282,"column":36},"end":{"line":282,"column":null}},"167":{"start":{"line":284,"column":24},"end":{"line":284,"column":null}},"168":{"start":{"line":285,"column":23},"end":{"line":285,"column":null}},"169":{"start":{"line":286,"column":23},"end":{"line":286,"column":null}},"170":{"start":{"line":286,"column":69},"end":{"line":286,"column":null}},"171":{"start":{"line":288,"column":24},"end":{"line":288,"column":null}},"172":{"start":{"line":289,"column":36},"end":{"line":289,"column":null}},"173":{"start":{"line":290,"column":35},"end":{"line":290,"column":null}},"174":{"start":{"line":292,"column":23},"end":{"line":303,"column":null}},"175":{"start":{"line":293,"column":22},"end":{"line":293,"column":null}},"176":{"start":{"line":295,"column":28},"end":{"line":295,"column":null}},"177":{"start":{"line":297,"column":32},"end":{"line":297,"column":35}},"178":{"start":{"line":297,"column":42},"end":{"line":297,"column":null}},"179":{"start":{"line":298,"column":29},"end":{"line":301,"column":null}},"180":{"start":{"line":299,"column":37},"end":{"line":299,"column":null}},"181":{"start":{"line":300,"column":30},"end":{"line":301,"column":null}},"182":{"start":{"line":300,"column":56},"end":{"line":300,"column":null}},"183":{"start":{"line":301,"column":31},"end":{"line":301,"column":null}},"184":{"start":{"line":303,"column":22},"end":{"line":303,"column":null}},"185":{"start":{"line":307,"column":17},"end":{"line":307,"column":null}},"186":{"start":{"line":309,"column":10},"end":{"line":309,"column":null}},"187":{"start":{"line":310,"column":17},"end":{"line":310,"column":null}},"188":{"start":{"line":315,"column":11},"end":{"line":315,"column":null}},"189":{"start":{"line":315,"column":16},"end":{"line":315,"column":null}},"190":{"start":{"line":316,"column":17},"end":{"line":316,"column":null}},"191":{"start":{"line":317,"column":20},"end":{"line":317,"column":null}},"192":{"start":{"line":318,"column":19},"end":{"line":318,"column":null}},"193":{"start":{"line":322,"column":17},"end":{"line":322,"column":null}},"194":{"start":{"line":326,"column":10},"end":{"line":326,"column":null}},"195":{"start":{"line":327,"column":9},"end":{"line":327,"column":null}},"196":{"start":{"line":327,"column":31},"end":{"line":327,"column":null}},"197":{"start":{"line":328,"column":11},"end":{"line":328,"column":null}},"198":{"start":{"line":332,"column":13},"end":{"line":332,"column":null}}},"fnMap":{"0":{"name":"(anonymous_0)","decl":{"start":{"line":34,"column":29},"end":{"line":34,"column":34}},"loc":{"start":{"line":34,"column":29},"end":{"line":34,"column":null}},"line":34},"1":{"name":"(anonymous_1)","decl":{"start":{"line":34,"column":2},"end":{"line":34,"column":29}},"loc":{"start":{"line":34,"column":2},"end":{"line":34,"column":29}},"line":34},"2":{"name":"(anonymous_2)","decl":{"start":{"line":36,"column":2},"end":{"line":36,"column":10}},"loc":{"start":{"line":36,"column":40},"end":{"line":39,"column":null}},"line":36},"3":{"name":"(anonymous_3)","decl":{"start":{"line":42,"column":8},"end":{"line":42,"column":15}},"loc":{"start":{"line":42,"column":15},"end":{"line":93,"column":null}},"line":42},"4":{"name":"(anonymous_4)","decl":{"start":{"line":48,"column":10},"end":{"line":48,"column":18}},"loc":{"start":{"line":48,"column":59},"end":{"line":59,"column":null}},"line":48},"5":{"name":"(anonymous_5)","decl":{"start":{"line":97,"column":16},"end":{"line":97,"column":24}},"loc":{"start":{"line":97,"column":41},"end":{"line":152,"column":null}},"line":97},"6":{"name":"(anonymous_6)","decl":{"start":{"line":156,"column":16},"end":{"line":156,"column":33}},"loc":{"start":{"line":156,"column":113},"end":{"line":168,"column":null}},"line":156},"7":{"name":"(anonymous_7)","decl":{"start":{"line":159,"column":20},"end":{"line":159,"column":28}},"loc":{"start":{"line":159,"column":39},"end":{"line":159,"column":null}},"line":159},"8":{"name":"(anonymous_8)","decl":{"start":{"line":171,"column":16},"end":{"line":171,"column":29}},"loc":{"start":{"line":171,"column":73},"end":{"line":182,"column":null}},"line":171},"9":{"name":"(anonymous_9)","decl":{"start":{"line":185,"column":8},"end":{"line":185,"column":17}},"loc":{"start":{"line":185,"column":69},"end":{"line":202,"column":null}},"line":185},"10":{"name":"(anonymous_10)","decl":{"start":{"line":205,"column":8},"end":{"line":205,"column":22}},"loc":{"start":{"line":205,"column":56},"end":{"line":225,"column":null}},"line":205},"11":{"name":"(anonymous_11)","decl":{"start":{"line":228,"column":8},"end":{"line":228,"column":25}},"loc":{"start":{"line":228,"column":120},"end":{"line":310,"column":null}},"line":228},"12":{"name":"(anonymous_12)","decl":{"start":{"line":238,"column":33},"end":{"line":238,"column":50}},"loc":{"start":{"line":238,"column":58},"end":{"line":238,"column":null}},"line":238},"13":{"name":"(anonymous_13)","decl":{"start":{"line":251,"column":49},"end":{"line":251,"column":57}},"loc":{"start":{"line":251,"column":62},"end":{"line":252,"column":null}},"line":251},"14":{"name":"(anonymous_14)","decl":{"start":{"line":267,"column":53},"end":{"line":267,"column":61}},"loc":{"start":{"line":267,"column":66},"end":{"line":268,"column":null}},"line":267},"15":{"name":"(anonymous_15)","decl":{"start":{"line":272,"column":34},"end":{"line":272,"column":42}},"loc":{"start":{"line":272,"column":47},"end":{"line":272,"column":null}},"line":272},"16":{"name":"(anonymous_16)","decl":{"start":{"line":314,"column":16},"end":{"line":314,"column":33}},"loc":{"start":{"line":314,"column":65},"end":{"line":318,"column":null}},"line":314},"17":{"name":"(anonymous_17)","decl":{"start":{"line":321,"column":8},"end":{"line":321,"column":24}},"loc":{"start":{"line":321,"column":105},"end":{"line":322,"column":null}},"line":321},"18":{"name":"(anonymous_18)","decl":{"start":{"line":325,"column":8},"end":{"line":325,"column":16}},"loc":{"start":{"line":325,"column":95},"end":{"line":328,"column":null}},"line":325}},"branchMap":{"0":{"loc":{"start":{"line":34,"column":29},"end":{"line":34,"column":null}},"type":"cond-expr","locations":[{"start":{"line":34,"column":53},"end":{"line":34,"column":117}},{"start":{"line":34,"column":117},"end":{"line":34,"column":null}}],"line":34},"1":{"loc":{"start":{"line":38,"column":24},"end":{"line":38,"column":null}},"type":"cond-expr","locations":[{"start":{"line":38,"column":45},"end":{"line":38,"column":52}},{"start":{"line":38,"column":52},"end":{"line":38,"column":null}}],"line":38},"2":{"loc":{"start":{"line":43,"column":8},"end":{"line":43,"column":null}},"type":"if","locations":[{"start":{"line":43,"column":8},"end":{"line":43,"column":null}},{"start":{},"end":{}}],"line":43},"3":{"loc":{"start":{"line":51,"column":16},"end":{"line":55,"column":null}},"type":"if","locations":[{"start":{"line":51,"column":16},"end":{"line":55,"column":null}},{"start":{"line":54,"column":19},"end":{"line":55,"column":null}}],"line":51},"4":{"loc":{"start":{"line":58,"column":16},"end":{"line":59,"column":null}},"type":"if","locations":[{"start":{"line":58,"column":16},"end":{"line":59,"column":null}},{"start":{},"end":{}}],"line":58},"5":{"loc":{"start":{"line":71,"column":16},"end":{"line":72,"column":null}},"type":"if","locations":[{"start":{"line":71,"column":16},"end":{"line":72,"column":null}},{"start":{},"end":{}}],"line":71},"6":{"loc":{"start":{"line":79,"column":31},"end":{"line":79,"column":null}},"type":"binary-expr","locations":[{"start":{"line":79,"column":31},"end":{"line":79,"column":47}},{"start":{"line":79,"column":47},"end":{"line":79,"column":61}},{"start":{"line":79,"column":61},"end":{"line":79,"column":null}}],"line":79},"7":{"loc":{"start":{"line":81,"column":12},"end":{"line":87,"column":null}},"type":"if","locations":[{"start":{"line":81,"column":12},"end":{"line":87,"column":null}},{"start":{"line":84,"column":15},"end":{"line":87,"column":null}}],"line":81},"8":{"loc":{"start":{"line":82,"column":63},"end":{"line":82,"column":null}},"type":"cond-expr","locations":[{"start":{"line":82,"column":77},"end":{"line":82,"column":90}},{"start":{"line":82,"column":90},"end":{"line":82,"column":null}}],"line":82},"9":{"loc":{"start":{"line":91,"column":28},"end":{"line":91,"column":null}},"type":"binary-expr","locations":[{"start":{"line":91,"column":28},"end":{"line":91,"column":41}},{"start":{"line":91,"column":41},"end":{"line":91,"column":null}}],"line":91},"10":{"loc":{"start":{"line":107,"column":11},"end":{"line":108,"column":null}},"type":"if","locations":[{"start":{"line":107,"column":11},"end":{"line":108,"column":null}},{"start":{},"end":{}}],"line":107},"11":{"loc":{"start":{"line":120,"column":14},"end":{"line":123,"column":null}},"type":"if","locations":[{"start":{"line":120,"column":14},"end":{"line":123,"column":null}},{"start":{"line":122,"column":17},"end":{"line":123,"column":null}}],"line":120},"12":{"loc":{"start":{"line":164,"column":10},"end":{"line":165,"column":null}},"type":"if","locations":[{"start":{"line":164,"column":10},"end":{"line":165,"column":null}},{"start":{},"end":{}}],"line":164},"13":{"loc":{"start":{"line":187,"column":9},"end":{"line":187,"column":null}},"type":"if","locations":[{"start":{"line":187,"column":9},"end":{"line":187,"column":null}},{"start":{},"end":{}}],"line":187},"14":{"loc":{"start":{"line":191,"column":8},"end":{"line":191,"column":null}},"type":"if","locations":[{"start":{"line":191,"column":8},"end":{"line":191,"column":null}},{"start":{},"end":{}}],"line":191},"15":{"loc":{"start":{"line":194,"column":8},"end":{"line":198,"column":null}},"type":"if","locations":[{"start":{"line":194,"column":8},"end":{"line":198,"column":null}},{"start":{},"end":{}}],"line":194},"16":{"loc":{"start":{"line":194,"column":8},"end":{"line":194,"column":67}},"type":"binary-expr","locations":[{"start":{"line":194,"column":8},"end":{"line":194,"column":13}},{"start":{"line":194,"column":33},"end":{"line":194,"column":67}}],"line":194},"17":{"loc":{"start":{"line":206,"column":11},"end":{"line":206,"column":null}},"type":"if","locations":[{"start":{"line":206,"column":11},"end":{"line":206,"column":null}},{"start":{},"end":{}}],"line":206},"18":{"loc":{"start":{"line":212,"column":10},"end":{"line":223,"column":null}},"type":"if","locations":[{"start":{"line":212,"column":10},"end":{"line":223,"column":null}},{"start":{"line":219,"column":13},"end":{"line":223,"column":null}}],"line":212},"19":{"loc":{"start":{"line":215,"column":14},"end":{"line":215,"column":null}},"type":"if","locations":[{"start":{"line":215,"column":14},"end":{"line":215,"column":null}},{"start":{},"end":{}}],"line":215},"20":{"loc":{"start":{"line":218,"column":14},"end":{"line":218,"column":null}},"type":"if","locations":[{"start":{"line":218,"column":14},"end":{"line":218,"column":null}},{"start":{},"end":{}}],"line":218},"21":{"loc":{"start":{"line":223,"column":14},"end":{"line":223,"column":null}},"type":"if","locations":[{"start":{"line":223,"column":14},"end":{"line":223,"column":null}},{"start":{},"end":{}}],"line":223},"22":{"loc":{"start":{"line":225,"column":13},"end":{"line":225,"column":null}},"type":"binary-expr","locations":[{"start":{"line":225,"column":13},"end":{"line":225,"column":49}},{"start":{"line":225,"column":49},"end":{"line":225,"column":null}}],"line":225},"23":{"loc":{"start":{"line":228,"column":53},"end":{"line":228,"column":67}},"type":"default-arg","locations":[{"start":{"line":228,"column":64},"end":{"line":228,"column":67}}],"line":228},"24":{"loc":{"start":{"line":228,"column":67},"end":{"line":228,"column":120}},"type":"default-arg","locations":[{"start":{"line":228,"column":67},"end":{"line":228,"column":120}}],"line":228},"25":{"loc":{"start":{"line":230,"column":15},"end":{"line":230,"column":null}},"type":"if","locations":[{"start":{"line":230,"column":15},"end":{"line":230,"column":null}},{"start":{},"end":{}}],"line":230},"26":{"loc":{"start":{"line":234,"column":14},"end":{"line":234,"column":null}},"type":"if","locations":[{"start":{"line":234,"column":14},"end":{"line":234,"column":null}},{"start":{},"end":{}}],"line":234},"27":{"loc":{"start":{"line":236,"column":33},"end":{"line":236,"column":null}},"type":"binary-expr","locations":[{"start":{"line":236,"column":33},"end":{"line":236,"column":59}},{"start":{"line":236,"column":59},"end":{"line":236,"column":null}}],"line":236},"28":{"loc":{"start":{"line":238,"column":25},"end":{"line":238,"column":50}},"type":"binary-expr","locations":[{"start":{"line":238,"column":25},"end":{"line":238,"column":50}},{"start":{"line":238,"column":33},"end":{"line":238,"column":50}}],"line":238},"29":{"loc":{"start":{"line":250,"column":14},"end":{"line":252,"column":null}},"type":"if","locations":[{"start":{"line":250,"column":14},"end":{"line":252,"column":null}},{"start":{},"end":{}}],"line":250},"30":{"loc":{"start":{"line":252,"column":22},"end":{"line":252,"column":null}},"type":"if","locations":[{"start":{"line":252,"column":22},"end":{"line":252,"column":null}},{"start":{},"end":{}}],"line":252},"31":{"loc":{"start":{"line":259,"column":18},"end":{"line":259,"column":null}},"type":"if","locations":[{"start":{"line":259,"column":18},"end":{"line":259,"column":null}},{"start":{},"end":{}}],"line":259},"32":{"loc":{"start":{"line":260,"column":18},"end":{"line":260,"column":null}},"type":"if","locations":[{"start":{"line":260,"column":18},"end":{"line":260,"column":null}},{"start":{},"end":{}}],"line":260},"33":{"loc":{"start":{"line":263,"column":19},"end":{"line":263,"column":null}},"type":"if","locations":[{"start":{"line":263,"column":19},"end":{"line":263,"column":null}},{"start":{},"end":{}}],"line":263},"34":{"loc":{"start":{"line":268,"column":22},"end":{"line":268,"column":null}},"type":"if","locations":[{"start":{"line":268,"column":22},"end":{"line":268,"column":null}},{"start":{},"end":{}}],"line":268},"35":{"loc":{"start":{"line":271,"column":18},"end":{"line":276,"column":null}},"type":"if","locations":[{"start":{"line":271,"column":18},"end":{"line":276,"column":null}},{"start":{"line":273,"column":21},"end":{"line":276,"column":null}}],"line":271},"36":{"loc":{"start":{"line":275,"column":26},"end":{"line":276,"column":null}},"type":"if","locations":[{"start":{"line":275,"column":26},"end":{"line":276,"column":null}},{"start":{},"end":{}}],"line":275},"37":{"loc":{"start":{"line":275,"column":26},"end":{"line":275,"column":101}},"type":"binary-expr","locations":[{"start":{"line":275,"column":26},"end":{"line":275,"column":70}},{"start":{"line":275,"column":56},"end":{"line":275,"column":101}}],"line":275},"38":{"loc":{"start":{"line":282,"column":22},"end":{"line":282,"column":null}},"type":"if","locations":[{"start":{"line":282,"column":22},"end":{"line":282,"column":null}},{"start":{},"end":{}}],"line":282},"39":{"loc":{"start":{"line":285,"column":23},"end":{"line":285,"column":null}},"type":"if","locations":[{"start":{"line":285,"column":23},"end":{"line":285,"column":null}},{"start":{},"end":{}}],"line":285},"40":{"loc":{"start":{"line":286,"column":23},"end":{"line":286,"column":null}},"type":"if","locations":[{"start":{"line":286,"column":23},"end":{"line":286,"column":null}},{"start":{},"end":{}}],"line":286},"41":{"loc":{"start":{"line":286,"column":23},"end":{"line":286,"column":null}},"type":"binary-expr","locations":[{"start":{"line":286,"column":23},"end":{"line":286,"column":41}},{"start":{"line":286,"column":41},"end":{"line":286,"column":null}}],"line":286},"42":{"loc":{"start":{"line":292,"column":23},"end":{"line":303,"column":null}},"type":"if","locations":[{"start":{"line":292,"column":23},"end":{"line":303,"column":null}},{"start":{},"end":{}}],"line":292},"43":{"loc":{"start":{"line":292,"column":23},"end":{"line":292,"column":89}},"type":"binary-expr","locations":[{"start":{"line":292,"column":23},"end":{"line":292,"column":51}},{"start":{"line":292,"column":51},"end":{"line":292,"column":89}}],"line":292},"44":{"loc":{"start":{"line":300,"column":30},"end":{"line":301,"column":null}},"type":"if","locations":[{"start":{"line":300,"column":30},"end":{"line":301,"column":null}},{"start":{"line":301,"column":31},"end":{"line":301,"column":null}}],"line":300},"45":{"loc":{"start":{"line":315,"column":11},"end":{"line":315,"column":null}},"type":"if","locations":[{"start":{"line":315,"column":11},"end":{"line":315,"column":null}},{"start":{},"end":{}}],"line":315},"46":{"loc":{"start":{"line":321,"column":52},"end":{"line":321,"column":105}},"type":"default-arg","locations":[{"start":{"line":321,"column":52},"end":{"line":321,"column":105}}],"line":321},"47":{"loc":{"start":{"line":325,"column":44},"end":{"line":325,"column":95}},"type":"default-arg","locations":[{"start":{"line":325,"column":44},"end":{"line":325,"column":95}}],"line":325},"48":{"loc":{"start":{"line":327,"column":9},"end":{"line":327,"column":null}},"type":"if","locations":[{"start":{"line":327,"column":9},"end":{"line":327,"column":null}},{"start":{},"end":{}}],"line":327},"49":{"loc":{"start":{"line":327,"column":9},"end":{"line":327,"column":41}},"type":"binary-expr","locations":[{"start":{"line":327,"column":9},"end":{"line":327,"column":17}},{"start":{"line":327,"column":17},"end":{"line":327,"column":41}}],"line":327}},"s":{"0":5,"1":5,"2":5,"3":5,"4":5,"5":5,"6":5,"7":5,"8":5,"9":5,"10":0,"11":0,"12":0,"13":0,"14":0,"15":0,"16":0,"17":0,"18":0,"19":0,"20":0,"21":0,"22":0,"23":0,"24":0,"25":0,"26":0,"27":0,"28":0,"29":0,"30":0,"31":0,"32":0,"33":0,"34":0,"35":0,"36":0,"37":0,"38":0,"39":0,"40":0,"41":0,"42":0,"43":0,"44":0,"45":0,"46":0,"47":0,"48":0,"49":0,"50":0,"51":0,"52":0,"53":0,"54":0,"55":0,"56":0,"57":0,"58":0,"59":0,"60":0,"61":0,"62":0,"63":0,"64":0,"65":0,"66":0,"67":0,"68":0,"69":0,"70":0,"71":0,"72":0,"73":0,"74":0,"75":0,"76":0,"77":0,"78":0,"79":0,"80":0,"81":0,"82":0,"83":0,"84":0,"85":0,"86":0,"87":0,"88":0,"89":0,"90":0,"91":0,"92":0,"93":0,"94":0,"95":0,"96":0,"97":0,"98":0,"99":0,"100":0,"101":0,"102":0,"103":0,"104":0,"105":0,"106":0,"107":0,"108":0,"109":0,"110":0,"111":0,"112":0,"113":0,"114":0,"115":0,"116":0,"117":0,"118":0,"119":0,"120":0,"121":0,"122":0,"123":0,"124":0,"125":0,"126":2,"127":2,"128":0,"129":2,"130":2,"131":2,"132":0,"133":2,"134":2,"135":2,"136":2,"137":2,"138":2,"139":2,"140":2,"141":2,"142":2,"143":0,"144":0,"145":0,"146":2,"147":4,"148":4,"149":0,"150":4,"151":1,"152":3,"153":0,"154":3,"155":3,"156":0,"157":0,"158":3,"159":3,"160":5,"161":0,"162":0,"163":0,"164":3,"165":5,"166":2,"167":3,"168":0,"169":3,"170":1,"171":2,"172":2,"173":2,"174":2,"175":2,"176":2,"177":2,"178":2,"179":2,"180":0,"181":0,"182":0,"183":0,"184":2,"185":1,"186":0,"187":0,"188":0,"189":0,"190":0,"191":0,"192":0,"193":4,"194":2,"195":2,"196":0,"197":2,"198":2},"f":{"0":0,"1":0,"2":0,"3":0,"4":0,"5":0,"6":0,"7":0,"8":0,"9":0,"10":0,"11":2,"12":2,"13":0,"14":0,"15":5,"16":0,"17":4,"18":2},"b":{"0":[0,0],"1":[0,0],"2":[0,0],"3":[0,0],"4":[0,0],"5":[0,0],"6":[0,0,0],"7":[0,0],"8":[0,0],"9":[0,0],"10":[0,0],"11":[0,0],"12":[0,0],"13":[0,0],"14":[0,0],"15":[0,0],"16":[0,0],"17":[0,0],"18":[0,0],"19":[0,0],"20":[0,0],"21":[0,0],"22":[0,0],"23":[2],"24":[2],"25":[0,2],"26":[0,2],"27":[2,0],"28":[2,0],"29":[0,2],"30":[0,0],"31":[0,4],"32":[1,3],"33":[0,3],"34":[0,0],"35":[3,0],"36":[0,0],"37":[0,0],"38":[2,3],"39":[0,3],"40":[1,2],"41":[3,1],"42":[2,0],"43":[2,0],"44":[0,0],"45":[0,0],"46":[4],"47":[2],"48":[0,2],"49":[2,2]},"meta":{"lastBranch":50,"lastFunction":19,"lastStatement":199,"seen":{"s:21:19:21:Infinity":0,"s:22:22:22:Infinity":1,"s:23:36:23:Infinity":2,"s:24:21:24:Infinity":3,"s:26:49:26:Infinity":4,"s:28:60:28:Infinity":5,"s:29:28:29:Infinity":6,"s:30:24:30:Infinity":7,"s:31:28:31:Infinity":8,"s:32:39:32:Infinity":9,"s:34:29:34:Infinity":10,"f:34:29:34:34":0,"b:34:53:34:117:34:117:34:Infinity":0,"f:34:2:34:29":1,"f:36:2:36:10":2,"s:37:19:37:Infinity":11,"s:38:24:38:Infinity":12,"b:38:45:38:52:38:52:38:Infinity":1,"s:39:16:39:Infinity":13,"f:42:8:42:15":3,"b:43:8:43:Infinity:undefined:undefined:undefined:undefined":2,"s:43:8:43:Infinity":14,"s:43:13:43:Infinity":15,"s:45:8:93:Infinity":16,"s:46:8:46:Infinity":17,"s:47:8:59:Infinity":18,"f:48:10:48:18":4,"s:49:12:49:Infinity":19,"b:51:16:55:Infinity:54:19:55:Infinity":3,"s:51:16:55:Infinity":20,"s:52:14:52:Infinity":21,"s:53:14:53:Infinity":22,"s:55:14:55:Infinity":23,"b:58:16:59:Infinity:undefined:undefined:undefined:undefined":4,"s:58:16:59:Infinity":24,"s:59:14:59:Infinity":25,"s:64:14:64:Infinity":26,"s:65:8:65:Infinity":27,"s:67:25:67:Infinity":28,"s:68:12:75:Infinity":29,"s:69:25:69:Infinity":30,"s:70:18:70:Infinity":31,"b:71:16:72:Infinity:undefined:undefined:undefined:undefined":5,"s:71:16:72:Infinity":32,"s:72:16:72:Infinity":33,"s:75:12:75:Infinity":34,"s:78:26:78:Infinity":35,"s:79:31:79:Infinity":36,"b:79:31:79:47:79:47:79:61:79:61:79:Infinity":6,"b:81:12:87:Infinity:84:15:87:Infinity":7,"s:81:12:87:Infinity":37,"s:82:10:82:Infinity":38,"b:82:77:82:90:82:90:82:Infinity":8,"s:83:16:83:Infinity":39,"s:85:10:85:Infinity":40,"s:86:10:86:Infinity":41,"s:87:10:87:Infinity":42,"s:90:8:90:Infinity":43,"s:91:8:91:Infinity":44,"b:91:28:91:41:91:41:91:Infinity":9,"s:92:8:92:Infinity":45,"s:93:14:93:Infinity":46,"f:97:16:97:24":5,"s:98:4:98:Infinity":47,"s:99:4:99:Infinity":48,"s:100:4:100:Infinity":49,"s:101:4:101:Infinity":50,"s:103:8:152:Infinity":51,"s:104:19:104:Infinity":52,"s:105:6:105:Infinity":53,"s:106:12:106:Infinity":54,"b:107:11:108:Infinity:undefined:undefined:undefined:undefined":10,"s:107:11:108:Infinity":55,"s:108:20:108:Infinity":56,"s:111:12:111:Infinity":57,"s:112:6:112:Infinity":58,"s:113:23:113:Infinity":59,"s:116:12:116:Infinity":60,"s:117:12:117:Infinity":61,"s:119:17:123:Infinity":62,"b:120:14:123:Infinity:122:17:123:Infinity":11,"s:120:14:123:Infinity":63,"s:121:14:121:Infinity":64,"s:123:14:123:Infinity":65,"s:127:25:127:Infinity":66,"s:128:33:128:Infinity":67,"s:129:6:129:Infinity":68,"s:131:6:131:Infinity":69,"s:133:17:133:Infinity":70,"s:134:20:134:Infinity":71,"s:135:12:135:Infinity":72,"s:136:12:136:Infinity":73,"s:139:12:139:Infinity":74,"s:140:6:140:Infinity":75,"s:141:6:141:Infinity":76,"s:142:6:142:Infinity":77,"s:145:6:145:Infinity":78,"s:147:6:147:Infinity":79,"s:149:6:149:Infinity":80,"s:150:6:150:Infinity":81,"s:151:6:151:Infinity":82,"s:152:12:152:Infinity":83,"f:156:16:156:33":6,"s:157:15:161:Infinity":84,"s:157:19:157:22":85,"s:158:24:158:Infinity":86,"s:159:20:159:Infinity":87,"f:159:20:159:28":7,"s:159:39:159:Infinity":88,"s:160:16:160:Infinity":89,"s:161:10:161:Infinity":90,"b:164:10:165:Infinity:undefined:undefined:undefined:undefined":12,"s:164:10:165:Infinity":91,"s:165:10:165:Infinity":92,"s:167:6:167:Infinity":93,"s:168:6:168:Infinity":94,"f:171:16:171:29":8,"s:172:17:172:Infinity":95,"s:173:20:173:Infinity":96,"s:175:17:179:Infinity":97,"s:176:16:179:Infinity":98,"s:182:12:182:Infinity":99,"f:185:8:185:17":9,"s:186:22:186:Infinity":100,"b:187:9:187:Infinity:undefined:undefined:undefined:undefined":13,"s:187:9:187:Infinity":101,"s:187:14:187:Infinity":102,"s:190:10:190:Infinity":103,"b:191:8:191:Infinity:undefined:undefined:undefined:undefined":14,"s:191:8:191:Infinity":104,"b:194:8:198:Infinity:undefined:undefined:undefined:undefined":15,"s:194:8:198:Infinity":105,"b:194:8:194:13:194:33:194:67":16,"s:202:11:202:Infinity":106,"f:205:8:205:22":10,"b:206:11:206:Infinity:undefined:undefined:undefined:undefined":17,"s:206:11:206:Infinity":107,"s:206:16:206:Infinity":108,"s:207:17:207:Infinity":109,"s:208:20:208:Infinity":110,"b:212:10:223:Infinity:219:13:223:Infinity":18,"s:212:10:223:Infinity":111,"s:213:24:213:Infinity":112,"s:214:10:214:Infinity":113,"b:215:14:215:Infinity:undefined:undefined:undefined:undefined":19,"s:215:14:215:Infinity":114,"s:215:24:215:Infinity":115,"s:216:30:216:Infinity":116,"s:217:10:217:Infinity":117,"b:218:14:218:Infinity:undefined:undefined:undefined:undefined":20,"s:218:14:218:Infinity":118,"s:218:28:218:Infinity":119,"s:220:10:220:Infinity":120,"s:221:30:221:Infinity":121,"s:222:10:222:Infinity":122,"b:223:14:223:Infinity:undefined:undefined:undefined:undefined":21,"s:223:14:223:Infinity":123,"s:223:28:223:Infinity":124,"s:225:13:225:Infinity":125,"b:225:13:225:49:225:49:225:Infinity":22,"f:228:8:228:25":11,"b:228:64:228:67":23,"b:228:67:228:120":24,"s:229:10:310:Infinity":126,"b:230:15:230:Infinity:undefined:undefined:undefined:undefined":25,"s:230:15:230:Infinity":127,"s:230:20:230:Infinity":128,"s:232:10:232:Infinity":129,"s:233:10:233:Infinity":130,"b:234:14:234:Infinity:undefined:undefined:undefined:undefined":26,"s:234:14:234:Infinity":131,"s:234:24:234:Infinity":132,"s:236:33:236:Infinity":133,"b:236:33:236:59:236:59:236:Infinity":27,"s:237:16:238:Infinity":134,"b:238:25:238:50:238:33:238:50":28,"f:238:33:238:50":12,"s:238:58:238:Infinity":135,"s:240:10:240:Infinity":136,"s:242:14:242:Infinity":137,"s:243:16:243:Infinity":138,"s:244:10:244:Infinity":139,"s:246:16:246:Infinity":140,"s:249:16:249:Infinity":141,"b:250:14:252:Infinity:undefined:undefined:undefined:undefined":29,"s:250:14:252:Infinity":142,"s:251:14:252:Infinity":143,"f:251:49:251:57":13,"b:252:22:252:Infinity:undefined:undefined:undefined:undefined":30,"s:252:22:252:Infinity":144,"s:252:49:252:Infinity":145,"s:256:17:303:Infinity":146,"s:257:53:257:Infinity":147,"b:259:18:259:Infinity:undefined:undefined:undefined:undefined":31,"s:259:18:259:Infinity":148,"s:259:32:259:Infinity":149,"b:260:18:260:Infinity:undefined:undefined:undefined:undefined":32,"s:260:18:260:Infinity":150,"s:260:30:260:Infinity":151,"s:262:20:262:Infinity":152,"b:263:19:263:Infinity:undefined:undefined:undefined:undefined":33,"s:263:19:263:Infinity":153,"s:266:20:266:Infinity":154,"s:267:18:268:Infinity":155,"f:267:53:267:61":14,"b:268:22:268:Infinity:undefined:undefined:undefined:undefined":34,"s:268:22:268:Infinity":156,"s:268:51:268:Infinity":157,"b:271:18:276:Infinity:273:21:276:Infinity":35,"s:271:18:276:Infinity":158,"s:272:18:272:Infinity":159,"f:272:34:272:42":15,"s:272:47:272:Infinity":160,"s:274:29:276:Infinity":161,"b:275:26:276:Infinity:undefined:undefined:undefined:undefined":36,"s:275:26:276:Infinity":162,"b:275:26:275:70:275:56:275:101":37,"s:276:26:276:Infinity":163,"s:281:25:303:Infinity":164,"b:282:22:282:Infinity:undefined:undefined:undefined:undefined":38,"s:282:22:282:Infinity":165,"s:282:36:282:Infinity":166,"s:284:24:284:Infinity":167,"b:285:23:285:Infinity:undefined:undefined:undefined:undefined":39,"s:285:23:285:Infinity":168,"b:286:23:286:Infinity:undefined:undefined:undefined:undefined":40,"s:286:23:286:Infinity":169,"b:286:23:286:41:286:41:286:Infinity":41,"s:286:69:286:Infinity":170,"s:288:24:288:Infinity":171,"s:289:36:289:Infinity":172,"s:290:35:290:Infinity":173,"b:292:23:303:Infinity:undefined:undefined:undefined:undefined":42,"s:292:23:303:Infinity":174,"b:292:23:292:51:292:51:292:89":43,"s:293:22:293:Infinity":175,"s:295:28:295:Infinity":176,"s:297:32:297:35":177,"s:297:42:297:Infinity":178,"s:298:29:301:Infinity":179,"s:299:37:299:Infinity":180,"b:300:30:301:Infinity:301:31:301:Infinity":44,"s:300:30:301:Infinity":181,"s:300:56:300:Infinity":182,"s:301:31:301:Infinity":183,"s:303:22:303:Infinity":184,"s:307:17:307:Infinity":185,"s:309:10:309:Infinity":186,"s:310:17:310:Infinity":187,"f:314:16:314:33":16,"b:315:11:315:Infinity:undefined:undefined:undefined:undefined":45,"s:315:11:315:Infinity":188,"s:315:16:315:Infinity":189,"s:316:17:316:Infinity":190,"s:317:20:317:Infinity":191,"s:318:19:318:Infinity":192,"f:321:8:321:24":17,"b:321:52:321:105":46,"s:322:17:322:Infinity":193,"f:325:8:325:16":18,"b:325:44:325:95":47,"s:326:10:326:Infinity":194,"b:327:9:327:Infinity:undefined:undefined:undefined:undefined":48,"s:327:9:327:Infinity":195,"b:327:9:327:17:327:17:327:41":49,"s:327:31:327:Infinity":196,"s:328:11:328:Infinity":197,"s:332:13:332:Infinity":198}}}
,"/Users/larusjohannsson/Developer/word-game/src/lib/error.svelte.ts": {"path":"/Users/larusjohannsson/Developer/word-game/src/lib/error.svelte.ts","statementMap":{"0":{"start":{"line":9,"column":38},"end":{"line":9,"column":null}},"1":{"start":{"line":12,"column":12},"end":{"line":12,"column":null}},"2":{"start":{"line":12,"column":17},"end":{"line":12,"column":null}},"3":{"start":{"line":13,"column":8},"end":{"line":22,"column":null}},"4":{"start":{"line":24,"column":8},"end":{"line":24,"column":null}},"5":{"start":{"line":28,"column":8},"end":{"line":28,"column":null}},"6":{"start":{"line":32,"column":13},"end":{"line":32,"column":null}},"7":{"start":{"line":35,"column":11},"end":{"line":43,"column":null}},"8":{"start":{"line":36,"column":4},"end":{"line":37,"column":null}},"9":{"start":{"line":37,"column":8},"end":{"line":37,"column":null}},"10":{"start":{"line":40,"column":4},"end":{"line":43,"column":null}},"11":{"start":{"line":41,"column":8},"end":{"line":43,"column":null}}},"fnMap":{"0":{"name":"(anonymous_0)","decl":{"start":{"line":11,"column":4},"end":{"line":11,"column":11}},"loc":{"start":{"line":11,"column":75},"end":{"line":24,"column":null}},"line":11},"1":{"name":"(anonymous_1)","decl":{"start":{"line":27,"column":4},"end":{"line":27,"column":12}},"loc":{"start":{"line":27,"column":12},"end":{"line":28,"column":null}},"line":27},"2":{"name":"(anonymous_2)","decl":{"start":{"line":36,"column":28},"end":{"line":36,"column":38}},"loc":{"start":{"line":36,"column":48},"end":{"line":37,"column":null}},"line":36},"3":{"name":"(anonymous_3)","decl":{"start":{"line":40,"column":28},"end":{"line":40,"column":51}},"loc":{"start":{"line":40,"column":61},"end":{"line":43,"column":null}},"line":40}},"branchMap":{"0":{"loc":{"start":{"line":12,"column":12},"end":{"line":12,"column":null}},"type":"if","locations":[{"start":{"line":12,"column":12},"end":{"line":12,"column":null}},{"start":{},"end":{}}],"line":12},"1":{"loc":{"start":{"line":17,"column":16},"end":{"line":17,"column":null}},"type":"cond-expr","locations":[{"start":{"line":17,"column":53},"end":{"line":17,"column":76}},{"start":{"line":17,"column":76},"end":{"line":17,"column":null}}],"line":17},"2":{"loc":{"start":{"line":18,"column":16},"end":{"line":18,"column":null}},"type":"cond-expr","locations":[{"start":{"line":18,"column":62},"end":{"line":18,"column":84}},{"start":{"line":18,"column":84},"end":{"line":18,"column":null}}],"line":18},"3":{"loc":{"start":{"line":35,"column":11},"end":{"line":43,"column":null}},"type":"if","locations":[{"start":{"line":35,"column":11},"end":{"line":43,"column":null}},{"start":{},"end":{}}],"line":35},"4":{"loc":{"start":{"line":42,"column":44},"end":{"line":42,"column":null}},"type":"binary-expr","locations":[{"start":{"line":42,"column":44},"end":{"line":42,"column":69}},{"start":{"line":42,"column":69},"end":{"line":42,"column":null}}],"line":42}},"s":{"0":2,"1":0,"2":0,"3":0,"4":0,"5":0,"6":2,"7":2,"8":0,"9":0,"10":0,"11":0},"f":{"0":0,"1":0,"2":0,"3":0},"b":{"0":[0,0],"1":[0,0],"2":[0,0],"3":[0,2],"4":[0,0]},"meta":{"lastBranch":5,"lastFunction":4,"lastStatement":12,"seen":{"s:9:38:9:Infinity":0,"f:11:4:11:11":0,"b:12:12:12:Infinity:undefined:undefined:undefined:undefined":0,"s:12:12:12:Infinity":1,"s:12:17:12:Infinity":2,"s:13:8:22:Infinity":3,"b:17:53:17:76:17:76:17:Infinity":1,"b:18:62:18:84:18:84:18:Infinity":2,"s:24:8:24:Infinity":4,"f:27:4:27:12":1,"s:28:8:28:Infinity":5,"s:32:13:32:Infinity":6,"b:35:11:43:Infinity:undefined:undefined:undefined:undefined":3,"s:35:11:43:Infinity":7,"s:36:4:37:Infinity":8,"f:36:28:36:38":2,"s:37:8:37:Infinity":9,"s:40:4:43:Infinity":10,"f:40:28:40:51":3,"s:41:8:43:Infinity":11,"b:42:44:42:69:42:69:42:Infinity":4}}}
,"/Users/larusjohannsson/Developer/word-game/src/lib/game.svelte.ts": {"path":"/Users/larusjohannsson/Developer/word-game/src/lib/game.svelte.ts","statementMap":{"0":{"start":{"line":51,"column":19},"end":{"line":51,"column":null}},"1":{"start":{"line":52,"column":18},"end":{"line":52,"column":null}},"2":{"start":{"line":53,"column":22},"end":{"line":53,"column":null}},"3":{"start":{"line":57,"column":21},"end":{"line":57,"column":null}},"4":{"start":{"line":58,"column":22},"end":{"line":58,"column":null}},"5":{"start":{"line":59,"column":23},"end":{"line":59,"column":null}},"6":{"start":{"line":60,"column":2},"end":{"line":61,"column":null}},"7":{"start":{"line":63,"column":22},"end":{"line":63,"column":null}},"8":{"start":{"line":64,"column":17},"end":{"line":64,"column":null}},"9":{"start":{"line":65,"column":21},"end":{"line":65,"column":null}},"10":{"start":{"line":66,"column":24},"end":{"line":66,"column":null}},"11":{"start":{"line":67,"column":28},"end":{"line":67,"column":null}},"12":{"start":{"line":70,"column":40},"end":{"line":70,"column":null}},"13":{"start":{"line":71,"column":24},"end":{"line":71,"column":null}},"14":{"start":{"line":72,"column":27},"end":{"line":72,"column":null}},"15":{"start":{"line":75,"column":2},"end":{"line":75,"column":null}},"16":{"start":{"line":78,"column":48},"end":{"line":78,"column":null}},"17":{"start":{"line":79,"column":28},"end":{"line":79,"column":null}},"18":{"start":{"line":82,"column":27},"end":{"line":82,"column":null}},"19":{"start":{"line":83,"column":29},"end":{"line":83,"column":null}},"20":{"start":{"line":84,"column":31},"end":{"line":84,"column":null}},"21":{"start":{"line":86,"column":27},"end":{"line":86,"column":null}},"22":{"start":{"line":89,"column":61},"end":{"line":89,"column":null}},"23":{"start":{"line":118,"column":2},"end":{"line":118,"column":null}},"24":{"start":{"line":119,"column":45},"end":{"line":119,"column":null}},"25":{"start":{"line":120,"column":48},"end":{"line":120,"column":null}},"26":{"start":{"line":91,"column":32},"end":{"line":91,"column":null}},"27":{"start":{"line":93,"column":6},"end":{"line":93,"column":null}},"28":{"start":{"line":94,"column":6},"end":{"line":94,"column":null}},"29":{"start":{"line":95,"column":6},"end":{"line":95,"column":null}},"30":{"start":{"line":98,"column":34},"end":{"line":98,"column":null}},"31":{"start":{"line":100,"column":6},"end":{"line":100,"column":null}},"32":{"start":{"line":101,"column":6},"end":{"line":101,"column":null}},"33":{"start":{"line":102,"column":6},"end":{"line":102,"column":null}},"34":{"start":{"line":105,"column":36},"end":{"line":105,"column":null}},"35":{"start":{"line":107,"column":6},"end":{"line":107,"column":null}},"36":{"start":{"line":108,"column":6},"end":{"line":108,"column":null}},"37":{"start":{"line":109,"column":6},"end":{"line":109,"column":null}},"38":{"start":{"line":123,"column":6},"end":{"line":123,"column":null}},"39":{"start":{"line":124,"column":6},"end":{"line":124,"column":null}},"40":{"start":{"line":125,"column":6},"end":{"line":125,"column":null}},"41":{"start":{"line":126,"column":6},"end":{"line":126,"column":null}},"42":{"start":{"line":130,"column":10},"end":{"line":138,"column":null}},"43":{"start":{"line":131,"column":24},"end":{"line":131,"column":null}},"44":{"start":{"line":132,"column":14},"end":{"line":136,"column":null}},"45":{"start":{"line":133,"column":29},"end":{"line":133,"column":null}},"46":{"start":{"line":134,"column":14},"end":{"line":134,"column":null}},"47":{"start":{"line":135,"column":14},"end":{"line":135,"column":null}},"48":{"start":{"line":136,"column":14},"end":{"line":136,"column":null}},"49":{"start":{"line":138,"column":20},"end":{"line":138,"column":null}},"50":{"start":{"line":142,"column":6},"end":{"line":145,"column":null}},"51":{"start":{"line":150,"column":6},"end":{"line":157,"column":null}},"52":{"start":{"line":162,"column":12},"end":{"line":162,"column":null}},"53":{"start":{"line":163,"column":23},"end":{"line":163,"column":null}},"54":{"start":{"line":164,"column":21},"end":{"line":164,"column":null}},"55":{"start":{"line":166,"column":10},"end":{"line":174,"column":null}},"56":{"start":{"line":167,"column":10},"end":{"line":167,"column":null}},"57":{"start":{"line":168,"column":10},"end":{"line":168,"column":null}},"58":{"start":{"line":169,"column":10},"end":{"line":169,"column":null}},"59":{"start":{"line":170,"column":10},"end":{"line":170,"column":null}},"60":{"start":{"line":171,"column":10},"end":{"line":171,"column":null}},"61":{"start":{"line":172,"column":10},"end":{"line":172,"column":null}},"62":{"start":{"line":173,"column":10},"end":{"line":173,"column":null}},"63":{"start":{"line":174,"column":10},"end":{"line":174,"column":null}},"64":{"start":{"line":178,"column":10},"end":{"line":190,"column":null}},"65":{"start":{"line":179,"column":24},"end":{"line":179,"column":null}},"66":{"start":{"line":180,"column":14},"end":{"line":188,"column":null}},"67":{"start":{"line":181,"column":29},"end":{"line":181,"column":null}},"68":{"start":{"line":182,"column":14},"end":{"line":182,"column":null}},"69":{"start":{"line":183,"column":14},"end":{"line":183,"column":null}},"70":{"start":{"line":184,"column":14},"end":{"line":184,"column":null}},"71":{"start":{"line":185,"column":14},"end":{"line":185,"column":null}},"72":{"start":{"line":186,"column":14},"end":{"line":186,"column":null}},"73":{"start":{"line":187,"column":14},"end":{"line":187,"column":null}},"74":{"start":{"line":188,"column":14},"end":{"line":188,"column":null}},"75":{"start":{"line":190,"column":20},"end":{"line":190,"column":null}},"76":{"start":{"line":194,"column":10},"end":{"line":199,"column":null}},"77":{"start":{"line":195,"column":24},"end":{"line":195,"column":null}},"78":{"start":{"line":196,"column":14},"end":{"line":197,"column":null}},"79":{"start":{"line":197,"column":14},"end":{"line":197,"column":null}},"80":{"start":{"line":199,"column":20},"end":{"line":199,"column":null}},"81":{"start":{"line":203,"column":6},"end":{"line":203,"column":null}},"82":{"start":{"line":204,"column":6},"end":{"line":204,"column":null}},"83":{"start":{"line":208,"column":12},"end":{"line":208,"column":null}},"84":{"start":{"line":209,"column":12},"end":{"line":209,"column":null}},"85":{"start":{"line":210,"column":6},"end":{"line":210,"column":null}},"86":{"start":{"line":214,"column":25},"end":{"line":214,"column":null}},"87":{"start":{"line":215,"column":10},"end":{"line":215,"column":null}},"88":{"start":{"line":215,"column":38},"end":{"line":215,"column":null}},"89":{"start":{"line":216,"column":10},"end":{"line":218,"column":null}},"90":{"start":{"line":217,"column":16},"end":{"line":217,"column":null}},"91":{"start":{"line":218,"column":14},"end":{"line":218,"column":null}},"92":{"start":{"line":218,"column":42},"end":{"line":218,"column":null}},"93":{"start":{"line":221,"column":6},"end":{"line":221,"column":null}},"94":{"start":{"line":222,"column":12},"end":{"line":222,"column":null}},"95":{"start":{"line":226,"column":6},"end":{"line":226,"column":null}},"96":{"start":{"line":227,"column":12},"end":{"line":227,"column":null}},"97":{"start":{"line":228,"column":10},"end":{"line":238,"column":null}},"98":{"start":{"line":229,"column":10},"end":{"line":231,"column":null}},"99":{"start":{"line":233,"column":10},"end":{"line":233,"column":null}},"100":{"start":{"line":234,"column":10},"end":{"line":234,"column":null}},"101":{"start":{"line":236,"column":10},"end":{"line":236,"column":null}},"102":{"start":{"line":237,"column":10},"end":{"line":237,"column":null}},"103":{"start":{"line":238,"column":10},"end":{"line":238,"column":null}},"104":{"start":{"line":240,"column":6},"end":{"line":240,"column":null}},"105":{"start":{"line":244,"column":20},"end":{"line":244,"column":null}},"106":{"start":{"line":245,"column":6},"end":{"line":245,"column":null}},"107":{"start":{"line":246,"column":6},"end":{"line":246,"column":null}},"108":{"start":{"line":247,"column":6},"end":{"line":247,"column":null}},"109":{"start":{"line":248,"column":6},"end":{"line":248,"column":null}},"110":{"start":{"line":249,"column":6},"end":{"line":249,"column":null}},"111":{"start":{"line":250,"column":6},"end":{"line":250,"column":null}},"112":{"start":{"line":251,"column":6},"end":{"line":251,"column":null}},"113":{"start":{"line":252,"column":6},"end":{"line":252,"column":null}},"114":{"start":{"line":253,"column":6},"end":{"line":253,"column":null}},"115":{"start":{"line":254,"column":6},"end":{"line":254,"column":null}},"116":{"start":{"line":255,"column":6},"end":{"line":255,"column":null}},"117":{"start":{"line":256,"column":6},"end":{"line":256,"column":null}},"118":{"start":{"line":257,"column":6},"end":{"line":257,"column":null}},"119":{"start":{"line":261,"column":10},"end":{"line":261,"column":null}},"120":{"start":{"line":261,"column":15},"end":{"line":261,"column":null}},"121":{"start":{"line":262,"column":6},"end":{"line":262,"column":null}},"122":{"start":{"line":263,"column":6},"end":{"line":263,"column":null}},"123":{"start":{"line":267,"column":6},"end":{"line":267,"column":null}},"124":{"start":{"line":268,"column":6},"end":{"line":268,"column":null}},"125":{"start":{"line":270,"column":18},"end":{"line":270,"column":null}},"126":{"start":{"line":271,"column":19},"end":{"line":271,"column":null}},"127":{"start":{"line":272,"column":21},"end":{"line":272,"column":null}},"128":{"start":{"line":274,"column":10},"end":{"line":304,"column":null}},"129":{"start":{"line":275,"column":17},"end":{"line":300,"column":null}},"130":{"start":{"line":276,"column":14},"end":{"line":276,"column":null}},"131":{"start":{"line":277,"column":14},"end":{"line":277,"column":null}},"132":{"start":{"line":278,"column":18},"end":{"line":279,"column":null}},"133":{"start":{"line":279,"column":18},"end":{"line":279,"column":null}},"134":{"start":{"line":283,"column":20},"end":{"line":284,"column":null}},"135":{"start":{"line":286,"column":18},"end":{"line":296,"column":null}},"136":{"start":{"line":287,"column":63},"end":{"line":287,"column":null}},"137":{"start":{"line":288,"column":22},"end":{"line":289,"column":null}},"138":{"start":{"line":288,"column":40},"end":{"line":288,"column":null}},"139":{"start":{"line":288,"column":53},"end":{"line":289,"column":null}},"140":{"start":{"line":289,"column":45},"end":{"line":289,"column":null}},"141":{"start":{"line":291,"column":18},"end":{"line":296,"column":null}},"142":{"start":{"line":300,"column":14},"end":{"line":300,"column":null}},"143":{"start":{"line":303,"column":10},"end":{"line":303,"column":null}},"144":{"start":{"line":304,"column":10},"end":{"line":304,"column":null}},"145":{"start":{"line":309,"column":10},"end":{"line":309,"column":null}},"146":{"start":{"line":309,"column":15},"end":{"line":309,"column":null}},"147":{"start":{"line":311,"column":10},"end":{"line":314,"column":null}},"148":{"start":{"line":312,"column":10},"end":{"line":312,"column":null}},"149":{"start":{"line":313,"column":10},"end":{"line":313,"column":null}},"150":{"start":{"line":314,"column":10},"end":{"line":314,"column":null}},"151":{"start":{"line":318,"column":6},"end":{"line":318,"column":null}},"152":{"start":{"line":319,"column":6},"end":{"line":319,"column":null}},"153":{"start":{"line":321,"column":10},"end":{"line":343,"column":null}},"154":{"start":{"line":322,"column":31},"end":{"line":322,"column":null}},"155":{"start":{"line":323,"column":39},"end":{"line":323,"column":null}},"156":{"start":{"line":325,"column":18},"end":{"line":329,"column":null}},"157":{"start":{"line":326,"column":20},"end":{"line":326,"column":null}},"158":{"start":{"line":327,"column":18},"end":{"line":327,"column":null}},"159":{"start":{"line":327,"column":23},"end":{"line":327,"column":null}},"160":{"start":{"line":328,"column":14},"end":{"line":328,"column":null}},"161":{"start":{"line":329,"column":24},"end":{"line":329,"column":null}},"162":{"start":{"line":329,"column":37},"end":{"line":329,"column":null}},"163":{"start":{"line":332,"column":14},"end":{"line":339,"column":null}},"164":{"start":{"line":333,"column":14},"end":{"line":333,"column":null}},"165":{"start":{"line":334,"column":14},"end":{"line":334,"column":null}},"166":{"start":{"line":335,"column":14},"end":{"line":335,"column":null}},"167":{"start":{"line":337,"column":14},"end":{"line":337,"column":null}},"168":{"start":{"line":339,"column":14},"end":{"line":339,"column":null}},"169":{"start":{"line":342,"column":10},"end":{"line":342,"column":null}},"170":{"start":{"line":343,"column":10},"end":{"line":343,"column":null}},"171":{"start":{"line":348,"column":10},"end":{"line":348,"column":null}},"172":{"start":{"line":348,"column":34},"end":{"line":348,"column":null}},"173":{"start":{"line":349,"column":6},"end":{"line":349,"column":null}},"174":{"start":{"line":351,"column":6},"end":{"line":351,"column":null}},"175":{"start":{"line":352,"column":12},"end":{"line":354,"column":null}},"176":{"start":{"line":354,"column":46},"end":{"line":354,"column":null}},"177":{"start":{"line":356,"column":6},"end":{"line":356,"column":null}},"178":{"start":{"line":358,"column":11},"end":{"line":360,"column":null}},"179":{"start":{"line":359,"column":10},"end":{"line":359,"column":null}},"180":{"start":{"line":360,"column":10},"end":{"line":360,"column":null}},"181":{"start":{"line":364,"column":15},"end":{"line":366,"column":null}},"182":{"start":{"line":364,"column":19},"end":{"line":364,"column":22}},"183":{"start":{"line":365,"column":20},"end":{"line":365,"column":null}},"184":{"start":{"line":365,"column":33},"end":{"line":365,"column":null}},"185":{"start":{"line":366,"column":16},"end":{"line":366,"column":null}},"186":{"start":{"line":369,"column":6},"end":{"line":369,"column":null}},"187":{"start":{"line":373,"column":6},"end":{"line":373,"column":null}},"188":{"start":{"line":374,"column":6},"end":{"line":374,"column":null}},"189":{"start":{"line":375,"column":6},"end":{"line":375,"column":null}},"190":{"start":{"line":376,"column":6},"end":{"line":376,"column":null}},"191":{"start":{"line":377,"column":6},"end":{"line":377,"column":null}},"192":{"start":{"line":378,"column":6},"end":{"line":378,"column":null}},"193":{"start":{"line":379,"column":6},"end":{"line":379,"column":null}},"194":{"start":{"line":380,"column":6},"end":{"line":380,"column":null}},"195":{"start":{"line":381,"column":6},"end":{"line":381,"column":null}},"196":{"start":{"line":385,"column":13},"end":{"line":385,"column":null}},"197":{"start":{"line":389,"column":19},"end":{"line":389,"column":null}},"198":{"start":{"line":390,"column":11},"end":{"line":390,"column":null}},"199":{"start":{"line":390,"column":33},"end":{"line":390,"column":null}},"200":{"start":{"line":391,"column":10},"end":{"line":391,"column":null}},"201":{"start":{"line":391,"column":15},"end":{"line":391,"column":null}},"202":{"start":{"line":393,"column":10},"end":{"line":394,"column":null}},"203":{"start":{"line":393,"column":33},"end":{"line":393,"column":51}},"204":{"start":{"line":394,"column":19},"end":{"line":394,"column":null}},"205":{"start":{"line":397,"column":23},"end":{"line":397,"column":null}},"206":{"start":{"line":398,"column":12},"end":{"line":398,"column":null}},"207":{"start":{"line":399,"column":12},"end":{"line":399,"column":null}},"208":{"start":{"line":401,"column":12},"end":{"line":401,"column":null}},"209":{"start":{"line":403,"column":12},"end":{"line":403,"column":null}},"210":{"start":{"line":404,"column":24},"end":{"line":404,"column":null}},"211":{"start":{"line":406,"column":11},"end":{"line":407,"column":null}},"212":{"start":{"line":407,"column":10},"end":{"line":407,"column":null}},"213":{"start":{"line":410,"column":24},"end":{"line":410,"column":null}},"214":{"start":{"line":412,"column":10},"end":{"line":416,"column":null}},"215":{"start":{"line":420,"column":10},"end":{"line":421,"column":null}},"216":{"start":{"line":421,"column":19},"end":{"line":421,"column":null}},"217":{"start":{"line":424,"column":10},"end":{"line":425,"column":null}},"218":{"start":{"line":425,"column":19},"end":{"line":425,"column":null}},"219":{"start":{"line":428,"column":24},"end":{"line":428,"column":null}},"220":{"start":{"line":429,"column":10},"end":{"line":430,"column":null}},"221":{"start":{"line":430,"column":19},"end":{"line":430,"column":null}},"222":{"start":{"line":432,"column":10},"end":{"line":433,"column":null}},"223":{"start":{"line":433,"column":19},"end":{"line":433,"column":null}},"224":{"start":{"line":436,"column":10},"end":{"line":437,"column":null}},"225":{"start":{"line":437,"column":10},"end":{"line":437,"column":null}},"226":{"start":{"line":449,"column":10},"end":{"line":449,"column":null}},"227":{"start":{"line":449,"column":15},"end":{"line":449,"column":null}},"228":{"start":{"line":450,"column":6},"end":{"line":450,"column":null}},"229":{"start":{"line":452,"column":10},"end":{"line":513,"column":null}},"230":{"start":{"line":453,"column":23},"end":{"line":453,"column":null}},"231":{"start":{"line":454,"column":16},"end":{"line":454,"column":null}},"232":{"start":{"line":455,"column":15},"end":{"line":455,"column":null}},"233":{"start":{"line":455,"column":49},"end":{"line":455,"column":null}},"234":{"start":{"line":458,"column":14},"end":{"line":469,"column":null}},"235":{"start":{"line":459,"column":18},"end":{"line":459,"column":null}},"236":{"start":{"line":459,"column":104},"end":{"line":459,"column":null}},"237":{"start":{"line":460,"column":16},"end":{"line":465,"column":null}},"238":{"start":{"line":461,"column":20},"end":{"line":461,"column":null}},"239":{"start":{"line":462,"column":18},"end":{"line":465,"column":null}},"240":{"start":{"line":464,"column":16},"end":{"line":464,"column":null}},"241":{"start":{"line":465,"column":16},"end":{"line":465,"column":null}},"242":{"start":{"line":469,"column":12},"end":{"line":469,"column":null}},"243":{"start":{"line":472,"column":28},"end":{"line":472,"column":null}},"244":{"start":{"line":474,"column":10},"end":{"line":474,"column":null}},"245":{"start":{"line":475,"column":26},"end":{"line":475,"column":null}},"246":{"start":{"line":477,"column":14},"end":{"line":494,"column":null}},"247":{"start":{"line":478,"column":14},"end":{"line":485,"column":null}},"248":{"start":{"line":488,"column":14},"end":{"line":494,"column":null}},"249":{"start":{"line":498,"column":10},"end":{"line":498,"column":null}},"250":{"start":{"line":499,"column":10},"end":{"line":499,"column":null}},"251":{"start":{"line":501,"column":14},"end":{"line":505,"column":null}},"252":{"start":{"line":502,"column":14},"end":{"line":505,"column":null}},"253":{"start":{"line":509,"column":16},"end":{"line":509,"column":null}},"254":{"start":{"line":510,"column":10},"end":{"line":510,"column":null}},"255":{"start":{"line":511,"column":17},"end":{"line":511,"column":null}},"256":{"start":{"line":513,"column":10},"end":{"line":513,"column":null}},"257":{"start":{"line":519,"column":10},"end":{"line":519,"column":null}},"258":{"start":{"line":520,"column":14},"end":{"line":520,"column":null}},"259":{"start":{"line":524,"column":13},"end":{"line":524,"column":null}},"260":{"start":{"line":528,"column":4},"end":{"line":528,"column":null}},"261":{"start":{"line":532,"column":16},"end":{"line":532,"column":null}},"262":{"start":{"line":533,"column":8},"end":{"line":534,"column":null}},"263":{"start":{"line":534,"column":13},"end":{"line":534,"column":null}},"264":{"start":{"line":536,"column":10},"end":{"line":536,"column":null}},"265":{"start":{"line":537,"column":8},"end":{"line":538,"column":null}},"266":{"start":{"line":538,"column":6},"end":{"line":538,"column":null}},"267":{"start":{"line":540,"column":11},"end":{"line":540,"column":null}},"268":{"start":{"line":544,"column":10},"end":{"line":544,"column":null}},"269":{"start":{"line":545,"column":9},"end":{"line":545,"column":null}},"270":{"start":{"line":545,"column":31},"end":{"line":545,"column":null}},"271":{"start":{"line":546,"column":11},"end":{"line":546,"column":null}},"272":{"start":{"line":551,"column":9},"end":{"line":551,"column":null}},"273":{"start":{"line":551,"column":41},"end":{"line":551,"column":null}},"274":{"start":{"line":553,"column":14},"end":{"line":553,"column":null}},"275":{"start":{"line":554,"column":8},"end":{"line":554,"column":null}},"276":{"start":{"line":554,"column":42},"end":{"line":554,"column":null}},"277":{"start":{"line":555,"column":11},"end":{"line":561,"column":null}},"278":{"start":{"line":556,"column":16},"end":{"line":556,"column":null}},"279":{"start":{"line":558,"column":12},"end":{"line":558,"column":null}},"280":{"start":{"line":559,"column":11},"end":{"line":559,"column":null}},"281":{"start":{"line":561,"column":16},"end":{"line":561,"column":null}},"282":{"start":{"line":561,"column":31},"end":{"line":561,"column":null}},"283":{"start":{"line":567,"column":13},"end":{"line":567,"column":null}}},"fnMap":{"0":{"name":"(anonymous_0)","decl":{"start":{"line":91,"column":6},"end":{"line":91,"column":23}},"loc":{"start":{"line":91,"column":23},"end":{"line":91,"column":null}},"line":91},"1":{"name":"(anonymous_1)","decl":{"start":{"line":92,"column":6},"end":{"line":92,"column":21}},"loc":{"start":{"line":92,"column":35},"end":{"line":95,"column":null}},"line":92},"2":{"name":"(anonymous_2)","decl":{"start":{"line":98,"column":6},"end":{"line":98,"column":25}},"loc":{"start":{"line":98,"column":25},"end":{"line":98,"column":null}},"line":98},"3":{"name":"(anonymous_3)","decl":{"start":{"line":99,"column":6},"end":{"line":99,"column":23}},"loc":{"start":{"line":99,"column":36},"end":{"line":102,"column":null}},"line":99},"4":{"name":"(anonymous_4)","decl":{"start":{"line":105,"column":6},"end":{"line":105,"column":27}},"loc":{"start":{"line":105,"column":27},"end":{"line":105,"column":null}},"line":105},"5":{"name":"(anonymous_5)","decl":{"start":{"line":106,"column":6},"end":{"line":106,"column":25}},"loc":{"start":{"line":106,"column":38},"end":{"line":109,"column":null}},"line":106},"6":{"name":"(anonymous_6)","decl":{"start":{"line":122,"column":2},"end":{"line":122,"column":16}},"loc":{"start":{"line":122,"column":16},"end":{"line":126,"column":null}},"line":122},"7":{"name":"(anonymous_7)","decl":{"start":{"line":129,"column":2},"end":{"line":129,"column":10}},"loc":{"start":{"line":129,"column":23},"end":{"line":138,"column":null}},"line":129},"8":{"name":"(anonymous_8)","decl":{"start":{"line":141,"column":2},"end":{"line":141,"column":10}},"loc":{"start":{"line":141,"column":23},"end":{"line":145,"column":null}},"line":141},"9":{"name":"(anonymous_9)","decl":{"start":{"line":149,"column":2},"end":{"line":149,"column":10}},"loc":{"start":{"line":149,"column":26},"end":{"line":157,"column":null}},"line":149},"10":{"name":"(anonymous_10)","decl":{"start":{"line":161,"column":2},"end":{"line":161,"column":10}},"loc":{"start":{"line":161,"column":26},"end":{"line":190,"column":null}},"line":161},"11":{"name":"(anonymous_11)","decl":{"start":{"line":193,"column":2},"end":{"line":193,"column":10}},"loc":{"start":{"line":193,"column":26},"end":{"line":199,"column":null}},"line":193},"12":{"name":"(anonymous_12)","decl":{"start":{"line":202,"column":2},"end":{"line":202,"column":10}},"loc":{"start":{"line":202,"column":66},"end":{"line":204,"column":null}},"line":202},"13":{"name":"(anonymous_13)","decl":{"start":{"line":207,"column":8},"end":{"line":207,"column":15}},"loc":{"start":{"line":207,"column":15},"end":{"line":210,"column":null}},"line":207},"14":{"name":"(anonymous_14)","decl":{"start":{"line":213,"column":2},"end":{"line":213,"column":8}},"loc":{"start":{"line":213,"column":44},"end":{"line":222,"column":null}},"line":213},"15":{"name":"(anonymous_15)","decl":{"start":{"line":225,"column":2},"end":{"line":225,"column":8}},"loc":{"start":{"line":225,"column":41},"end":{"line":240,"column":null}},"line":225},"16":{"name":"(anonymous_16)","decl":{"start":{"line":243,"column":2},"end":{"line":243,"column":14}},"loc":{"start":{"line":243,"column":32},"end":{"line":257,"column":null}},"line":243},"17":{"name":"(anonymous_17)","decl":{"start":{"line":260,"column":2},"end":{"line":260,"column":10}},"loc":{"start":{"line":260,"column":31},"end":{"line":263,"column":null}},"line":260},"18":{"name":"(anonymous_18)","decl":{"start":{"line":266,"column":16},"end":{"line":266,"column":43}},"loc":{"start":{"line":266,"column":43},"end":{"line":304,"column":null}},"line":266},"19":{"name":"(anonymous_19)","decl":{"start":{"line":308,"column":8},"end":{"line":308,"column":28}},"loc":{"start":{"line":308,"column":28},"end":{"line":343,"column":null}},"line":308},"20":{"name":"(anonymous_20)","decl":{"start":{"line":329,"column":24},"end":{"line":329,"column":32}},"loc":{"start":{"line":329,"column":37},"end":{"line":329,"column":null}},"line":329},"21":{"name":"(anonymous_21)","decl":{"start":{"line":347,"column":8},"end":{"line":347,"column":16}},"loc":{"start":{"line":347,"column":16},"end":{"line":369,"column":null}},"line":347},"22":{"name":"(anonymous_22)","decl":{"start":{"line":354,"column":34},"end":{"line":354,"column":38}},"loc":{"start":{"line":354,"column":46},"end":{"line":354,"column":null}},"line":354},"23":{"name":"(anonymous_23)","decl":{"start":{"line":365,"column":20},"end":{"line":365,"column":28}},"loc":{"start":{"line":365,"column":33},"end":{"line":365,"column":null}},"line":365},"24":{"name":"(anonymous_24)","decl":{"start":{"line":372,"column":2},"end":{"line":372,"column":10}},"loc":{"start":{"line":372,"column":10},"end":{"line":381,"column":null}},"line":372},"25":{"name":"(anonymous_25)","decl":{"start":{"line":384,"column":2},"end":{"line":384,"column":21}},"loc":{"start":{"line":384,"column":48},"end":{"line":385,"column":null}},"line":384},"26":{"name":"(anonymous_26)","decl":{"start":{"line":388,"column":8},"end":{"line":388,"column":21}},"loc":{"start":{"line":388,"column":63},"end":{"line":444,"column":null}},"line":388},"27":{"name":"(anonymous_27)","decl":{"start":{"line":393,"column":23},"end":{"line":393,"column":28}},"loc":{"start":{"line":393,"column":33},"end":{"line":393,"column":51}},"line":393},"28":{"name":"(anonymous_28)","decl":{"start":{"line":448,"column":8},"end":{"line":448,"column":17}},"loc":{"start":{"line":448,"column":50},"end":{"line":513,"column":null}},"line":448},"29":{"name":"(anonymous_29)","decl":{"start":{"line":459,"column":92},"end":{"line":459,"column":96}},"loc":{"start":{"line":459,"column":104},"end":{"line":459,"column":null}},"line":459},"30":{"name":"(anonymous_30)","decl":{"start":{"line":518,"column":2},"end":{"line":518,"column":23}},"loc":{"start":{"line":518,"column":113},"end":{"line":520,"column":null}},"line":518},"31":{"name":"(anonymous_31)","decl":{"start":{"line":523,"column":2},"end":{"line":523,"column":22}},"loc":{"start":{"line":523,"column":22},"end":{"line":524,"column":null}},"line":523},"32":{"name":"(anonymous_32)","decl":{"start":{"line":527,"column":2},"end":{"line":527,"column":29}},"loc":{"start":{"line":527,"column":29},"end":{"line":528,"column":null}},"line":527},"33":{"name":"(anonymous_33)","decl":{"start":{"line":531,"column":8},"end":{"line":531,"column":24}},"loc":{"start":{"line":531,"column":114},"end":{"line":540,"column":null}},"line":531},"34":{"name":"(anonymous_34)","decl":{"start":{"line":543,"column":8},"end":{"line":543,"column":16}},"loc":{"start":{"line":543,"column":106},"end":{"line":546,"column":null}},"line":543},"35":{"name":"(anonymous_35)","decl":{"start":{"line":550,"column":8},"end":{"line":550,"column":23}},"loc":{"start":{"line":550,"column":43},"end":{"line":561,"column":null}},"line":550},"36":{"name":"(anonymous_36)","decl":{"start":{"line":561,"column":16},"end":{"line":561,"column":25}},"loc":{"start":{"line":561,"column":31},"end":{"line":561,"column":null}},"line":561}},"branchMap":{"0":{"loc":{"start":{"line":132,"column":14},"end":{"line":136,"column":null}},"type":"if","locations":[{"start":{"line":132,"column":14},"end":{"line":136,"column":null}},{"start":{},"end":{}}],"line":132},"1":{"loc":{"start":{"line":134,"column":37},"end":{"line":134,"column":null}},"type":"binary-expr","locations":[{"start":{"line":134,"column":37},"end":{"line":134,"column":62}},{"start":{"line":134,"column":62},"end":{"line":134,"column":null}}],"line":134},"2":{"loc":{"start":{"line":135,"column":39},"end":{"line":135,"column":null}},"type":"binary-expr","locations":[{"start":{"line":135,"column":39},"end":{"line":135,"column":66}},{"start":{"line":135,"column":66},"end":{"line":135,"column":null}}],"line":135},"3":{"loc":{"start":{"line":136,"column":41},"end":{"line":136,"column":null}},"type":"binary-expr","locations":[{"start":{"line":136,"column":41},"end":{"line":136,"column":70}},{"start":{"line":136,"column":70},"end":{"line":136,"column":null}}],"line":136},"4":{"loc":{"start":{"line":166,"column":10},"end":{"line":174,"column":null}},"type":"if","locations":[{"start":{"line":166,"column":10},"end":{"line":174,"column":null}},{"start":{},"end":{}}],"line":166},"5":{"loc":{"start":{"line":166,"column":10},"end":{"line":166,"column":30}},"type":"binary-expr","locations":[{"start":{"line":166,"column":10},"end":{"line":166,"column":22}},{"start":{"line":166,"column":22},"end":{"line":166,"column":30}}],"line":166},"6":{"loc":{"start":{"line":180,"column":14},"end":{"line":188,"column":null}},"type":"if","locations":[{"start":{"line":180,"column":14},"end":{"line":188,"column":null}},{"start":{},"end":{}}],"line":180},"7":{"loc":{"start":{"line":188,"column":38},"end":{"line":188,"column":null}},"type":"binary-expr","locations":[{"start":{"line":188,"column":38},"end":{"line":188,"column":65}},{"start":{"line":188,"column":65},"end":{"line":188,"column":null}}],"line":188},"8":{"loc":{"start":{"line":196,"column":14},"end":{"line":197,"column":null}},"type":"if","locations":[{"start":{"line":196,"column":14},"end":{"line":197,"column":null}},{"start":{},"end":{}}],"line":196},"9":{"loc":{"start":{"line":215,"column":10},"end":{"line":215,"column":null}},"type":"if","locations":[{"start":{"line":215,"column":10},"end":{"line":215,"column":null}},{"start":{},"end":{}}],"line":215},"10":{"loc":{"start":{"line":216,"column":10},"end":{"line":218,"column":null}},"type":"if","locations":[{"start":{"line":216,"column":10},"end":{"line":218,"column":null}},{"start":{},"end":{}}],"line":216},"11":{"loc":{"start":{"line":218,"column":14},"end":{"line":218,"column":null}},"type":"if","locations":[{"start":{"line":218,"column":14},"end":{"line":218,"column":null}},{"start":{},"end":{}}],"line":218},"12":{"loc":{"start":{"line":228,"column":10},"end":{"line":238,"column":null}},"type":"if","locations":[{"start":{"line":228,"column":10},"end":{"line":238,"column":null}},{"start":{"line":235,"column":13},"end":{"line":238,"column":null}}],"line":228},"13":{"loc":{"start":{"line":261,"column":10},"end":{"line":261,"column":null}},"type":"if","locations":[{"start":{"line":261,"column":10},"end":{"line":261,"column":null}},{"start":{},"end":{}}],"line":261},"14":{"loc":{"start":{"line":278,"column":18},"end":{"line":279,"column":null}},"type":"if","locations":[{"start":{"line":278,"column":18},"end":{"line":279,"column":null}},{"start":{},"end":{}}],"line":278},"15":{"loc":{"start":{"line":286,"column":18},"end":{"line":296,"column":null}},"type":"if","locations":[{"start":{"line":286,"column":18},"end":{"line":296,"column":null}},{"start":{},"end":{}}],"line":286},"16":{"loc":{"start":{"line":286,"column":18},"end":{"line":286,"column":44}},"type":"binary-expr","locations":[{"start":{"line":286,"column":18},"end":{"line":286,"column":26}},{"start":{"line":286,"column":26},"end":{"line":286,"column":44}}],"line":286},"17":{"loc":{"start":{"line":288,"column":22},"end":{"line":289,"column":null}},"type":"if","locations":[{"start":{"line":288,"column":22},"end":{"line":289,"column":null}},{"start":{"line":288,"column":53},"end":{"line":289,"column":null}}],"line":288},"18":{"loc":{"start":{"line":288,"column":53},"end":{"line":289,"column":null}},"type":"if","locations":[{"start":{"line":288,"column":53},"end":{"line":289,"column":null}},{"start":{},"end":{}}],"line":288},"19":{"loc":{"start":{"line":309,"column":10},"end":{"line":309,"column":null}},"type":"if","locations":[{"start":{"line":309,"column":10},"end":{"line":309,"column":null}},{"start":{},"end":{}}],"line":309},"20":{"loc":{"start":{"line":311,"column":10},"end":{"line":314,"column":null}},"type":"if","locations":[{"start":{"line":311,"column":10},"end":{"line":314,"column":null}},{"start":{},"end":{}}],"line":311},"21":{"loc":{"start":{"line":325,"column":18},"end":{"line":325,"column":86}},"type":"binary-expr","locations":[{"start":{"line":325,"column":18},"end":{"line":325,"column":23}},{"start":{"line":325,"column":47},"end":{"line":325,"column":86}}],"line":325},"22":{"loc":{"start":{"line":327,"column":18},"end":{"line":327,"column":null}},"type":"if","locations":[{"start":{"line":327,"column":18},"end":{"line":327,"column":null}},{"start":{},"end":{}}],"line":327},"23":{"loc":{"start":{"line":332,"column":14},"end":{"line":339,"column":null}},"type":"if","locations":[{"start":{"line":332,"column":14},"end":{"line":339,"column":null}},{"start":{"line":336,"column":17},"end":{"line":339,"column":null}}],"line":332},"24":{"loc":{"start":{"line":348,"column":10},"end":{"line":348,"column":null}},"type":"if","locations":[{"start":{"line":348,"column":10},"end":{"line":348,"column":null}},{"start":{},"end":{}}],"line":348},"25":{"loc":{"start":{"line":348,"column":10},"end":{"line":348,"column":null}},"type":"binary-expr","locations":[{"start":{"line":348,"column":10},"end":{"line":348,"column":29}},{"start":{"line":348,"column":29},"end":{"line":348,"column":null}}],"line":348},"26":{"loc":{"start":{"line":358,"column":11},"end":{"line":360,"column":null}},"type":"if","locations":[{"start":{"line":358,"column":11},"end":{"line":360,"column":null}},{"start":{},"end":{}}],"line":358},"27":{"loc":{"start":{"line":390,"column":11},"end":{"line":390,"column":null}},"type":"if","locations":[{"start":{"line":390,"column":11},"end":{"line":390,"column":null}},{"start":{},"end":{}}],"line":390},"28":{"loc":{"start":{"line":390,"column":11},"end":{"line":390,"column":45}},"type":"binary-expr","locations":[{"start":{"line":390,"column":11},"end":{"line":390,"column":19}},{"start":{"line":390,"column":19},"end":{"line":390,"column":45}}],"line":390},"29":{"loc":{"start":{"line":391,"column":10},"end":{"line":391,"column":null}},"type":"if","locations":[{"start":{"line":391,"column":10},"end":{"line":391,"column":null}},{"start":{},"end":{}}],"line":391},"30":{"loc":{"start":{"line":393,"column":10},"end":{"line":394,"column":null}},"type":"if","locations":[{"start":{"line":393,"column":10},"end":{"line":394,"column":null}},{"start":{},"end":{}}],"line":393},"31":{"loc":{"start":{"line":404,"column":24},"end":{"line":404,"column":null}},"type":"binary-expr","locations":[{"start":{"line":404,"column":24},"end":{"line":404,"column":34}},{"start":{"line":404,"column":34},"end":{"line":404,"column":39}},{"start":{"line":404,"column":39},"end":{"line":404,"column":null}}],"line":404},"32":{"loc":{"start":{"line":406,"column":11},"end":{"line":407,"column":null}},"type":"if","locations":[{"start":{"line":406,"column":11},"end":{"line":407,"column":null}},{"start":{},"end":{}}],"line":406},"33":{"loc":{"start":{"line":410,"column":24},"end":{"line":410,"column":null}},"type":"cond-expr","locations":[{"start":{"line":410,"column":24},"end":{"line":410,"column":65}},{"start":{"line":410,"column":65},"end":{"line":410,"column":null}}],"line":410},"34":{"loc":{"start":{"line":412,"column":10},"end":{"line":416,"column":null}},"type":"if","locations":[{"start":{"line":412,"column":10},"end":{"line":416,"column":null}},{"start":{},"end":{}}],"line":412},"35":{"loc":{"start":{"line":420,"column":10},"end":{"line":421,"column":null}},"type":"if","locations":[{"start":{"line":420,"column":10},"end":{"line":421,"column":null}},{"start":{},"end":{}}],"line":420},"36":{"loc":{"start":{"line":420,"column":10},"end":{"line":420,"column":40}},"type":"binary-ex
[...]
0:261:Infinity":119,"s:261:15:261:Infinity":120,"s:262:6:262:Infinity":121,"s:263:6:263:Infinity":122,"f:266:16:266:43":18,"s:267:6:267:Infinity":123,"s:268:6:268:Infinity":124,"s:270:18:270:Infinity":125,"s:271:19:271:Infinity":126,"s:272:21:272:Infinity":127,"s:274:10:304:Infinity":128,"s:275:17:300:Infinity":129,"s:276:14:276:Infinity":130,"s:277:14:277:Infinity":131,"b:278:18:279:Infinity:undefined:undefined:undefined:undefined":14,"s:278:18:279:Infinity":132,"s:279:18:279:Infinity":133,"s:283:20:284:Infinity":134,"b:286:18:296:Infinity:undefined:undefined:undefined:undefined":15,"s:286:18:296:Infinity":135,"b:286:18:286:26:286:26:286:44":16,"s:287:63:287:Infinity":136,"b:288:22:289:Infinity:288:53:289:Infinity":17,"s:288:22:289:Infinity":137,"s:288:40:288:Infinity":138,"b:288:53:289:Infinity:undefined:undefined:undefined:undefined":18,"s:288:53:289:Infinity":139,"s:289:45:289:Infinity":140,"s:291:18:296:Infinity":141,"s:300:14:300:Infinity":142,"s:303:10:303:Infinity":143,"s:304:10:304:Infinity":144,"f:308:8:308:28":19,"b:309:10:309:Infinity:undefined:undefined:undefined:undefined":19,"s:309:10:309:Infinity":145,"s:309:15:309:Infinity":146,"b:311:10:314:Infinity:undefined:undefined:undefined:undefined":20,"s:311:10:314:Infinity":147,"s:312:10:312:Infinity":148,"s:313:10:313:Infinity":149,"s:314:10:314:Infinity":150,"s:318:6:318:Infinity":151,"s:319:6:319:Infinity":152,"s:321:10:343:Infinity":153,"s:322:31:322:Infinity":154,"s:323:39:323:Infinity":155,"s:325:18:329:Infinity":156,"b:325:18:325:23:325:47:325:86":21,"s:326:20:326:Infinity":157,"b:327:18:327:Infinity:undefined:undefined:undefined:undefined":22,"s:327:18:327:Infinity":158,"s:327:23:327:Infinity":159,"s:328:14:328:Infinity":160,"s:329:24:329:Infinity":161,"f:329:24:329:32":20,"s:329:37:329:Infinity":162,"b:332:14:339:Infinity:336:17:339:Infinity":23,"s:332:14:339:Infinity":163,"s:333:14:333:Infinity":164,"s:334:14:334:Infinity":165,"s:335:14:335:Infinity":166,"s:337:14:337:Infinity":167,"s:339:14:339:Infinity":168,"s:342:10:342:Infinity":169,"s:343:10:343:Infinity":170,"f:347:8:347:16":21,"b:348:10:348:Infinity:undefined:undefined:undefined:undefined":24,"s:348:10:348:Infinity":171,"b:348:10:348:29:348:29:348:Infinity":25,"s:348:34:348:Infinity":172,"s:349:6:349:Infinity":173,"s:351:6:351:Infinity":174,"s:352:12:354:Infinity":175,"f:354:34:354:38":22,"s:354:46:354:Infinity":176,"s:356:6:356:Infinity":177,"b:358:11:360:Infinity:undefined:undefined:undefined:undefined":26,"s:358:11:360:Infinity":178,"s:359:10:359:Infinity":179,"s:360:10:360:Infinity":180,"s:364:15:366:Infinity":181,"s:364:19:364:22":182,"s:365:20:365:Infinity":183,"f:365:20:365:28":23,"s:365:33:365:Infinity":184,"s:366:16:366:Infinity":185,"s:369:6:369:Infinity":186,"f:372:2:372:10":24,"s:373:6:373:Infinity":187,"s:374:6:374:Infinity":188,"s:375:6:375:Infinity":189,"s:376:6:376:Infinity":190,"s:377:6:377:Infinity":191,"s:378:6:378:Infinity":192,"s:379:6:379:Infinity":193,"s:380:6:380:Infinity":194,"s:381:6:381:Infinity":195,"f:384:2:384:21":25,"s:385:13:385:Infinity":196,"f:388:8:388:21":26,"s:389:19:389:Infinity":197,"b:390:11:390:Infinity:undefined:undefined:undefined:undefined":27,"s:390:11:390:Infinity":198,"b:390:11:390:19:390:19:390:45":28,"s:390:33:390:Infinity":199,"b:391:10:391:Infinity:undefined:undefined:undefined:undefined":29,"s:391:10:391:Infinity":200,"s:391:15:391:Infinity":201,"b:393:10:394:Infinity:undefined:undefined:undefined:undefined":30,"s:393:10:394:Infinity":202,"f:393:23:393:28":27,"s:393:33:393:51":203,"s:394:19:394:Infinity":204,"s:397:23:397:Infinity":205,"s:398:12:398:Infinity":206,"s:399:12:399:Infinity":207,"s:401:12:401:Infinity":208,"s:403:12:403:Infinity":209,"s:404:24:404:Infinity":210,"b:404:24:404:34:404:34:404:39:404:39:404:Infinity":31,"b:406:11:407:Infinity:undefined:undefined:undefined:undefined":32,"s:406:11:407:Infinity":211,"s:407:10:407:Infinity":212,"s:410:24:410:Infinity":213,"b:410:24:410:65:410:65:410:Infinity":33,"b:412:10:416:Infinity:undefined:undefined:undefined:undefined":34,"s:412:10:416:Infinity":214,"b:420:10:421:Infinity:undefined:undefined:undefined:undefined":35,"s:420:10:421:Infinity":215,"b:420:10:420:29:420:29:420:40":36,"s:421:19:421:Infinity":216,"b:424:10:425:Infinity:undefined:undefined:undefined:undefined":37,"s:424:10:425:Infinity":217,"b:424:10:424:39:424:39:424:50":38,"s:425:19:425:Infinity":218,"s:428:24:428:Infinity":219,"b:429:10:430:Infinity:undefined:undefined:undefined:undefined":39,"s:429:10:430:Infinity":220,"b:429:10:429:23:429:23:429:78":40,"s:430:19:430:Infinity":221,"b:432:10:433:Infinity:undefined:undefined:undefined:undefined":41,"s:432:10:433:Infinity":222,"b:432:10:432:23:432:23:432:78":42,"s:433:19:433:Infinity":223,"b:436:10:437:Infinity:undefined:undefined:undefined:undefined":43,"s:436:10:437:Infinity":224,"s:437:10:437:Infinity":225,"b:443:70:443:82:443:82:443:Infinity":44,"b:443:22:443:35:443:35:443:70":45,"f:448:8:448:17":28,"b:449:10:449:Infinity:undefined:undefined:undefined:undefined":46,"s:449:10:449:Infinity":226,"s:449:15:449:Infinity":227,"s:450:6:450:Infinity":228,"s:452:10:513:Infinity":229,"s:453:23:453:Infinity":230,"s:454:16:454:Infinity":231,"b:455:15:455:Infinity:undefined:undefined:undefined:undefined":47,"s:455:15:455:Infinity":232,"b:455:15:455:38:455:26:455:64":48,"s:455:49:455:Infinity":233,"s:458:14:469:Infinity":234,"s:459:18:459:Infinity":235,"f:459:92:459:96":29,"s:459:104:459:Infinity":236,"b:460:16:465:Infinity:undefined:undefined:undefined:undefined":49,"s:460:16:465:Infinity":237,"s:461:20:461:Infinity":238,"b:462:18:465:Infinity:undefined:undefined:undefined:undefined":50,"s:462:18:465:Infinity":239,"b:462:18:462:30:462:30:462:54:462:54:462:90":51,"s:464:16:464:Infinity":240,"s:465:16:465:Infinity":241,"s:469:12:469:Infinity":242,"s:472:28:472:Infinity":243,"b:472:52:472:76:472:76:472:Infinity":52,"s:474:10:474:Infinity":244,"s:475:26:475:Infinity":245,"b:477:14:494:Infinity:487:17:494:Infinity":53,"s:477:14:494:Infinity":246,"s:478:14:485:Infinity":247,"b:483:29:483:53:483:53:483:Infinity":54,"s:488:14:494:Infinity":248,"b:493:29:493:53:493:53:493:Infinity":55,"s:498:10:498:Infinity":249,"s:499:10:499:Infinity":250,"b:501:14:505:Infinity:undefined:undefined:undefined:undefined":56,"s:501:14:505:Infinity":251,"b:501:14:501:33:501:33:501:69":57,"s:502:14:505:Infinity":252,"s:509:16:509:Infinity":253,"s:510:10:510:Infinity":254,"s:511:17:511:Infinity":255,"s:513:10:513:Infinity":256,"f:518:2:518:23":30,"s:519:10:519:Infinity":257,"b:519:18:519:44:519:27:519:44":58,"s:520:14:520:Infinity":258,"b:520:56:520:62:520:62:520:69":59,"f:523:2:523:22":31,"s:524:13:524:Infinity":259,"f:527:2:527:29":32,"s:528:4:528:Infinity":260,"f:531:8:531:24":33,"s:532:16:532:Infinity":261,"b:533:8:534:Infinity:undefined:undefined:undefined:undefined":60,"s:533:8:534:Infinity":262,"b:533:8:533:13:533:33:533:68":61,"s:534:13:534:Infinity":263,"s:536:10:536:Infinity":264,"b:537:8:538:Infinity:undefined:undefined:undefined:undefined":62,"s:537:8:538:Infinity":265,"b:537:8:537:16:537:16:537:29":63,"s:538:6:538:Infinity":266,"s:540:11:540:Infinity":267,"f:543:8:543:16":34,"s:544:10:544:Infinity":268,"b:545:9:545:Infinity:undefined:undefined:undefined:undefined":64,"s:545:9:545:Infinity":269,"b:545:9:545:17:545:17:545:41":65,"s:545:31:545:Infinity":270,"s:546:11:546:Infinity":271,"f:550:8:550:23":35,"b:551:9:551:Infinity:undefined:undefined:undefined:undefined":66,"s:551:9:551:Infinity":272,"b:551:9:551:21:551:21:551:Infinity":67,"s:551:41:551:Infinity":273,"s:553:14:553:Infinity":274,"b:554:8:554:Infinity:undefined:undefined:undefined:undefined":68,"s:554:8:554:Infinity":275,"s:554:42:554:Infinity":276,"s:555:11:561:Infinity":277,"s:556:16:556:Infinity":278,"s:558:12:558:Infinity":279,"b:559:11:559:Infinity:undefined:undefined:undefined:undefined":69,"s:559:11:559:Infinity":280,"s:561:16:561:Infinity":281,"f:561:16:561:25":36,"s:561:31:561:Infinity":282,"s:567:13:567:Infinity":283}}}
,"/Users/larusjohannsson/Developer/word-game/src/lib/journeys.ts": {"path":"/Users/larusjohannsson/Developer/word-game/src/lib/journeys.ts","statementMap":{"0":{"start":{"line":12,"column":35},"end":{"line":160,"column":null}}},"fnMap":{},"branchMap":{},"s":{"0":6},"f":{},"b":{},"meta":{"lastBranch":0,"lastFunction":0,"lastStatement":1,"seen":{"s:12:35:160:Infinity":0}}}
,"/Users/larusjohannsson/Developer/word-game/src/lib/word-utils.ts": {"path":"/Users/larusjohannsson/Developer/word-game/src/lib/word-utils.ts","statementMap":{"0":{"start":{"line":2,"column":2},"end":{"line":2,"column":null}},"1":{"start":{"line":2,"column":20},"end":{"line":2,"column":null}},"2":{"start":{"line":3,"column":2},"end":{"line":3,"column":null}},"3":{"start":{"line":3,"column":20},"end":{"line":3,"column":null}},"4":{"start":{"line":4,"column":2},"end":{"line":4,"column":null}},"5":{"start":{"line":4,"column":21},"end":{"line":4,"column":null}},"6":{"start":{"line":5,"column":2},"end":{"line":5,"column":null}},"7":{"start":{"line":5,"column":21},"end":{"line":5,"column":null}},"8":{"start":{"line":6,"column":2},"end":{"line":6,"column":null}},"9":{"start":{"line":6,"column":21},"end":{"line":6,"column":null}},"10":{"start":{"line":7,"column":2},"end":{"line":7,"column":null}},"11":{"start":{"line":7,"column":21},"end":{"line":7,"column":null}},"12":{"start":{"line":8,"column":2},"end":{"line":8,"column":null}},"13":{"start":{"line":8,"column":21},"end":{"line":8,"column":null}},"14":{"start":{"line":9,"column":2},"end":{"line":9,"column":null}},"15":{"start":{"line":9,"column":21},"end":{"line":9,"column":null}},"16":{"start":{"line":10,"column":2},"end":{"line":10,"column":null}},"17":{"start":{"line":10,"column":21},"end":{"line":10,"column":null}},"18":{"start":{"line":11,"column":2},"end":{"line":11,"column":null}},"19":{"start":{"line":11,"column":21},"end":{"line":11,"column":null}},"20":{"start":{"line":12,"column":2},"end":{"line":12,"column":null}},"21":{"start":{"line":16,"column":1},"end":{"line":16,"column":null}},"22":{"start":{"line":16,"column":15},"end":{"line":16,"column":null}},"23":{"start":{"line":17,"column":1},"end":{"line":17,"column":null}},"24":{"start":{"line":17,"column":15},"end":{"line":17,"column":null}},"25":{"start":{"line":18,"column":1},"end":{"line":18,"column":null}},"26":{"start":{"line":18,"column":15},"end":{"line":18,"column":null}},"27":{"start":{"line":19,"column":1},"end":{"line":19,"column":null}},"28":{"start":{"line":23,"column":2},"end":{"line":23,"column":null}},"29":{"start":{"line":23,"column":16},"end":{"line":23,"column":null}},"30":{"start":{"line":24,"column":2},"end":{"line":24,"column":null}},"31":{"start":{"line":24,"column":16},"end":{"line":24,"column":null}},"32":{"start":{"line":25,"column":2},"end":{"line":25,"column":null}},"33":{"start":{"line":25,"column":16},"end":{"line":25,"column":null}},"34":{"start":{"line":26,"column":2},"end":{"line":26,"column":null}},"35":{"start":{"line":30,"column":2},"end":{"line":30,"column":null}},"36":{"start":{"line":30,"column":72},"end":{"line":30,"column":null}},"37":{"start":{"line":31,"column":2},"end":{"line":31,"column":null}},"38":{"start":{"line":35,"column":2},"end":{"line":35,"column":null}},"39":{"start":{"line":35,"column":31},"end":{"line":35,"column":null}},"40":{"start":{"line":36,"column":14},"end":{"line":36,"column":null}},"41":{"start":{"line":37,"column":2},"end":{"line":38,"column":null}},"42":{"start":{"line":37,"column":15},"end":{"line":37,"column":18}},"43":{"start":{"line":38,"column":4},"end":{"line":38,"column":null}},"44":{"start":{"line":38,"column":53},"end":{"line":38,"column":null}},"45":{"start":{"line":40,"column":2},"end":{"line":40,"column":null}},"46":{"start":{"line":44,"column":2},"end":{"line":44,"column":null}}},"fnMap":{"0":{"name":"calculateObscurity","decl":{"start":{"line":1,"column":16},"end":{"line":1,"column":35}},"loc":{"start":{"line":1,"column":57},"end":{"line":12,"column":null}},"line":1},"1":{"name":"getObscurityColor","decl":{"start":{"line":15,"column":16},"end":{"line":15,"column":34}},"loc":{"start":{"line":15,"column":47},"end":{"line":19,"column":null}},"line":15},"2":{"name":"getObscurityLabel","decl":{"start":{"line":22,"column":16},"end":{"line":22,"column":34}},"loc":{"start":{"line":22,"column":47},"end":{"line":26,"column":null}},"line":22},"3":{"name":"isAnagram","decl":{"start":{"line":29,"column":16},"end":{"line":29,"column":26}},"loc":{"start":{"line":29,"column":59},"end":{"line":31,"column":null}},"line":29},"4":{"name":"getLetterDifferences","decl":{"start":{"line":34,"column":16},"end":{"line":34,"column":37}},"loc":{"start":{"line":34,"column":69},"end":{"line":40,"column":null}},"line":34},"5":{"name":"isOneLetterDifferent","decl":{"start":{"line":43,"column":16},"end":{"line":43,"column":37}},"loc":{"start":{"line":43,"column":70},"end":{"line":44,"column":null}},"line":43}},"branchMap":{"0":{"loc":{"start":{"line":2,"column":2},"end":{"line":2,"column":null}},"type":"if","locations":[{"start":{"line":2,"column":2},"end":{"line":2,"column":null}},{"start":{},"end":{}}],"line":2},"1":{"loc":{"start":{"line":3,"column":2},"end":{"line":3,"column":null}},"type":"if","locations":[{"start":{"line":3,"column":2},"end":{"line":3,"column":null}},{"start":{},"end":{}}],"line":3},"2":{"loc":{"start":{"line":4,"column":2},"end":{"line":4,"column":null}},"type":"if","locations":[{"start":{"line":4,"column":2},"end":{"line":4,"column":null}},{"start":{},"end":{}}],"line":4},"3":{"loc":{"start":{"line":5,"column":2},"end":{"line":5,"column":null}},"type":"if","locations":[{"start":{"line":5,"column":2},"end":{"line":5,"column":null}},{"start":{},"end":{}}],"line":5},"4":{"loc":{"start":{"line":6,"column":2},"end":{"line":6,"column":null}},"type":"if","locations":[{"start":{"line":6,"column":2},"end":{"line":6,"column":null}},{"start":{},"end":{}}],"line":6},"5":{"loc":{"start":{"line":7,"column":2},"end":{"line":7,"column":null}},"type":"if","locations":[{"start":{"line":7,"column":2},"end":{"line":7,"column":null}},{"start":{},"end":{}}],"line":7},"6":{"loc":{"start":{"line":8,"column":2},"end":{"line":8,"column":null}},"type":"if","locations":[{"start":{"line":8,"column":2},"end":{"line":8,"column":null}},{"start":{},"end":{}}],"line":8},"7":{"loc":{"start":{"line":9,"column":2},"end":{"line":9,"column":null}},"type":"if","locations":[{"start":{"line":9,"column":2},"end":{"line":9,"column":null}},{"start":{},"end":{}}],"line":9},"8":{"loc":{"start":{"line":10,"column":2},"end":{"line":10,"column":null}},"type":"if","locations":[{"start":{"line":10,"column":2},"end":{"line":10,"column":null}},{"start":{},"end":{}}],"line":10},"9":{"loc":{"start":{"line":11,"column":2},"end":{"line":11,"column":null}},"type":"if","locations":[{"start":{"line":11,"column":2},"end":{"line":11,"column":null}},{"start":{},"end":{}}],"line":11},"10":{"loc":{"start":{"line":16,"column":1},"end":{"line":16,"column":null}},"type":"if","locations":[{"start":{"line":16,"column":1},"end":{"line":16,"column":null}},{"start":{},"end":{}}],"line":16},"11":{"loc":{"start":{"line":17,"column":1},"end":{"line":17,"column":null}},"type":"if","locations":[{"start":{"line":17,"column":1},"end":{"line":17,"column":null}},{"start":{},"end":{}}],"line":17},"12":{"loc":{"start":{"line":18,"column":1},"end":{"line":18,"column":null}},"type":"if","locations":[{"start":{"line":18,"column":1},"end":{"line":18,"column":null}},{"start":{},"end":{}}],"line":18},"13":{"loc":{"start":{"line":23,"column":2},"end":{"line":23,"column":null}},"type":"if","locations":[{"start":{"line":23,"column":2},"end":{"line":23,"column":null}},{"start":{},"end":{}}],"line":23},"14":{"loc":{"start":{"line":24,"column":2},"end":{"line":24,"column":null}},"type":"if","locations":[{"start":{"line":24,"column":2},"end":{"line":24,"column":null}},{"start":{},"end":{}}],"line":24},"15":{"loc":{"start":{"line":25,"column":2},"end":{"line":25,"column":null}},"type":"if","locations":[{"start":{"line":25,"column":2},"end":{"line":25,"column":null}},{"start":{},"end":{}}],"line":25},"16":{"loc":{"start":{"line":30,"column":2},"end":{"line":30,"column":null}},"type":"if","locations":[{"start":{"line":30,"column":2},"end":{"line":30,"column":null}},{"start":{},"end":{}}],"line":30},"17":{"loc":{"start":{"line":30,"column":6},"end":{"line":30,"column":70}},"type":"binary-expr","locations":[{"start":{"line":30,"column":6},"end":{"line":30,"column":33}},{"start":{"line":30,"column":33},"end":{"line":30,"column":70}}],"line":30},"18":{"loc":{"start":{"line":35,"column":2},"end":{"line":35,"column":null}},"type":"if","locations":[{"start":{"line":35,"column":2},"end":{"line":35,"column":null}},{"start":{},"end":{}}],"line":35},"19":{"loc":{"start":{"line":38,"column":4},"end":{"line":38,"column":null}},"type":"if","locations":[{"start":{"line":38,"column":4},"end":{"line":38,"column":null}},{"start":{},"end":{}}],"line":38}},"s":{"0":10,"1":10,"2":0,"3":0,"4":0,"5":0,"6":0,"7":0,"8":0,"9":0,"10":0,"11":0,"12":0,"13":0,"14":0,"15":0,"16":0,"17":0,"18":0,"19":0,"20":0,"21":0,"22":0,"23":0,"24":0,"25":0,"26":0,"27":0,"28":0,"29":0,"30":0,"31":0,"32":0,"33":0,"34":0,"35":6,"36":0,"37":6,"38":9,"39":1,"40":8,"41":8,"42":8,"43":32,"44":21,"45":8,"46":0},"f":{"0":10,"1":0,"2":0,"3":6,"4":9,"5":0},"b":{"0":[10,0],"1":[0,0],"2":[0,0],"3":[0,0],"4":[0,0],"5":[0,0],"6":[0,0],"7":[0,0],"8":[0,0],"9":[0,0],"10":[0,0],"11":[0,0],"12":[0,0],"13":[0,0],"14":[0,0],"15":[0,0],"16":[0,6],"17":[6,6],"18":[1,8],"19":[21,11]},"meta":{"lastBranch":20,"lastFunction":6,"lastStatement":47,"seen":{"f:1:16:1:35":0,"b:2:2:2:Infinity:undefined:undefined:undefined:undefined":0,"s:2:2:2:Infinity":0,"s:2:20:2:Infinity":1,"b:3:2:3:Infinity:undefined:undefined:undefined:undefined":1,"s:3:2:3:Infinity":2,"s:3:20:3:Infinity":3,"b:4:2:4:Infinity:undefined:undefined:undefined:undefined":2,"s:4:2:4:Infinity":4,"s:4:21:4:Infinity":5,"b:5:2:5:Infinity:undefined:undefined:undefined:undefined":3,"s:5:2:5:Infinity":6,"s:5:21:5:Infinity":7,"b:6:2:6:Infinity:undefined:undefined:undefined:undefined":4,"s:6:2:6:Infinity":8,"s:6:21:6:Infinity":9,"b:7:2:7:Infinity:undefined:undefined:undefined:undefined":5,"s:7:2:7:Infinity":10,"s:7:21:7:Infinity":11,"b:8:2:8:Infinity:undefined:undefined:undefined:undefined":6,"s:8:2:8:Infinity":12,"s:8:21:8:Infinity":13,"b:9:2:9:Infinity:undefined:undefined:undefined:undefined":7,"s:9:2:9:Infinity":14,"s:9:21:9:Infinity":15,"b:10:2:10:Infinity:undefined:undefined:undefined:undefined":8,"s:10:2:10:Infinity":16,"s:10:21:10:Infinity":17,"b:11:2:11:Infinity:undefined:undefined:undefined:undefined":9,"s:11:2:11:Infinity":18,"s:11:21:11:Infinity":19,"s:12:2:12:Infinity":20,"f:15:16:15:34":1,"b:16:1:16:Infinity:undefined:undefined:undefined:undefined":10,"s:16:1:16:Infinity":21,"s:16:15:16:Infinity":22,"b:17:1:17:Infinity:undefined:undefined:undefined:undefined":11,"s:17:1:17:Infinity":23,"s:17:15:17:Infinity":24,"b:18:1:18:Infinity:undefined:undefined:undefined:undefined":12,"s:18:1:18:Infinity":25,"s:18:15:18:Infinity":26,"s:19:1:19:Infinity":27,"f:22:16:22:34":2,"b:23:2:23:Infinity:undefined:undefined:undefined:undefined":13,"s:23:2:23:Infinity":28,"s:23:16:23:Infinity":29,"b:24:2:24:Infinity:undefined:undefined:undefined:undefined":14,"s:24:2:24:Infinity":30,"s:24:16:24:Infinity":31,"b:25:2:25:Infinity:undefined:undefined:undefined:undefined":15,"s:25:2:25:Infinity":32,"s:25:16:25:Infinity":33,"s:26:2:26:Infinity":34,"f:29:16:29:26":3,"b:30:2:30:Infinity:undefined:undefined:undefined:undefined":16,"s:30:2:30:Infinity":35,"b:30:6:30:33:30:33:30:70":17,"s:30:72:30:Infinity":36,"s:31:2:31:Infinity":37,"f:34:16:34:37":4,"b:35:2:35:Infinity:undefined:undefined:undefined:undefined":18,"s:35:2:35:Infinity":38,"s:35:31:35:Infinity":39,"s:36:14:36:Infinity":40,"s:37:2:38:Infinity":41,"s:37:15:37:18":42,"b:38:4:38:Infinity:undefined:undefined:undefined:undefined":19,"s:38:4:38:Infinity":43,"s:38:53:38:Infinity":44,"s:40:2:40:Infinity":45,"f:43:16:43:37":5,"s:44:2:44:Infinity":46}}}
}
